<?xml version="1.0" encoding="UTF-8"?>
<coverage generated="1770824647592" clover="3.2.0">
  <project timestamp="1770824647592" name="All files">
    <metrics statements="267" coveredstatements="267" conditionals="202" coveredconditionals="202" methods="51" coveredmethods="51" elements="520" coveredelements="520" complexity="0" loc="267" ncloc="267" packages="4" files="12" classes="12"/>
    <package name="src">
      <metrics statements="32" coveredstatements="32" conditionals="3" coveredconditionals="3" methods="3" coveredmethods="3"/>
      <file name="app.js" path="C:\ESPE\PruebasSoftware\Proyecto.PruebasU\Backend\src\app.js">
        <metrics statements="32" coveredstatements="32" conditionals="3" coveredconditionals="3" methods="3" coveredmethods="3"/>
        <line num="1" count="6" type="stmt"/>
        <line num="2" count="6" type="stmt"/>
        <line num="3" count="6" type="stmt"/>
        <line num="4" count="6" type="stmt"/>
        <line num="5" count="6" type="stmt"/>
        <line num="6" count="6" type="stmt"/>
        <line num="7" count="6" type="stmt"/>
        <line num="8" count="6" type="stmt"/>
        <line num="10" count="6" type="stmt"/>
        <line num="13" count="6" type="stmt"/>
        <line num="14" count="278" type="stmt"/>
        <line num="15" count="278" type="stmt"/>
        <line num="16" count="278" type="stmt"/>
        <line num="18" count="278" type="cond" truecount="2" falsecount="0"/>
        <line num="19" count="277" type="stmt"/>
        <line num="22" count="6" type="stmt"/>
        <line num="25" count="6" type="stmt"/>
        <line num="26" count="1" type="stmt"/>
        <line num="30" count="6" type="stmt"/>
        <line num="31" count="6" type="stmt"/>
        <line num="35" count="6" type="stmt"/>
        <line num="36" count="6" type="stmt"/>
        <line num="37" count="6" type="stmt"/>
        <line num="38" count="6" type="stmt"/>
        <line num="39" count="6" type="stmt"/>
        <line num="40" count="6" type="stmt"/>
        <line num="41" count="6" type="stmt"/>
        <line num="42" count="6" type="stmt"/>
        <line num="45" count="6" type="stmt"/>
        <line num="46" count="1" type="stmt"/>
        <line num="52" count="6" type="cond" truecount="1" falsecount="0"/>
        <line num="60" count="6" type="stmt"/>
      </file>
    </package>
    <package name="src.controllers">
      <metrics statements="183" coveredstatements="183" conditionals="197" coveredconditionals="197" methods="47" coveredmethods="47"/>
      <file name="auth.controller.js" path="C:\ESPE\PruebasSoftware\Proyecto.PruebasU\Backend\src\controllers\auth.controller.js">
        <metrics statements="13" coveredstatements="13" conditionals="8" coveredconditionals="8" methods="3" coveredmethods="3"/>
        <line num="1" count="6" type="stmt"/>
        <line num="2" count="6" type="stmt"/>
        <line num="5" count="6" type="stmt"/>
        <line num="14" count="13" type="stmt"/>
        <line num="23" count="17" type="stmt"/>
        <line num="25" count="17" type="cond" truecount="4" falsecount="0"/>
        <line num="26" count="2" type="stmt"/>
        <line num="29" count="15" type="cond" truecount="4" falsecount="0"/>
        <line num="30" count="2" type="stmt"/>
        <line num="33" count="13" type="stmt"/>
        <line num="34" count="13" type="stmt"/>
        <line num="43" count="1" type="stmt"/>
        <line num="50" count="6" type="stmt"/>
      </file>
      <file name="auto.controller.js" path="C:\ESPE\PruebasSoftware\Proyecto.PruebasU\Backend\src\controllers\auto.controller.js">
        <metrics statements="40" coveredstatements="40" conditionals="39" coveredconditionals="39" methods="11" coveredmethods="11"/>
        <line num="1" count="6" type="stmt"/>
        <line num="2" count="6" type="stmt"/>
        <line num="5" count="29" type="stmt"/>
        <line num="6" count="29" type="cond" truecount="5" falsecount="0"/>
        <line num="10" count="27" type="cond" truecount="2" falsecount="0"/>
        <line num="14" count="8" type="stmt"/>
        <line num="18" count="4" type="stmt"/>
        <line num="19" count="4" type="stmt"/>
        <line num="20" count="4" type="cond" truecount="2" falsecount="0"/>
        <line num="21" count="2" type="stmt"/>
        <line num="25" count="27" type="stmt"/>
        <line num="26" count="27" type="cond" truecount="7" falsecount="0"/>
        <line num="27" count="2" type="stmt"/>
        <line num="29" count="25" type="stmt"/>
        <line num="30" count="25" type="cond" truecount="2" falsecount="0"/>
        <line num="31" count="23" type="cond" truecount="2" falsecount="0"/>
        <line num="33" count="21" type="stmt"/>
        <line num="37" count="21" type="stmt"/>
        <line num="38" count="21" type="stmt"/>
        <line num="42" count="12" type="stmt"/>
        <line num="43" count="12" type="stmt"/>
        <line num="44" count="12" type="stmt"/>
        <line num="45" count="12" type="cond" truecount="2" falsecount="0"/>
        <line num="47" count="10" type="cond" truecount="2" falsecount="0"/>
        <line num="48" count="4" type="stmt"/>
        <line num="49" count="4" type="cond" truecount="2" falsecount="0"/>
        <line num="50" count="2" type="stmt"/>
        <line num="52" count="8" type="cond" truecount="2" falsecount="0"/>
        <line num="53" count="4" type="cond" truecount="2" falsecount="0"/>
        <line num="54" count="2" type="stmt"/>
        <line num="56" count="6" type="cond" truecount="2" falsecount="0"/>
        <line num="57" count="6" type="cond" truecount="2" falsecount="0"/>
        <line num="58" count="6" type="cond" truecount="2" falsecount="0"/>
        <line num="59" count="6" type="stmt"/>
        <line num="64" count="4" type="stmt"/>
        <line num="67" count="4" type="stmt"/>
        <line num="68" count="4" type="cond" truecount="2" falsecount="0"/>
        <line num="70" count="2" type="stmt"/>
        <line num="72" count="2" type="stmt"/>
        <line num="84" count="6" type="stmt"/>
      </file>
      <file name="cliente.controller.js" path="C:\ESPE\PruebasSoftware\Proyecto.PruebasU\Backend\src\controllers\cliente.controller.js">
        <metrics statements="42" coveredstatements="42" conditionals="41" coveredconditionals="41" methods="13" coveredmethods="13"/>
        <line num="1" count="6" type="stmt"/>
        <line num="4" count="4" type="stmt"/>
        <line num="8" count="4" type="stmt"/>
        <line num="9" count="4" type="stmt"/>
        <line num="10" count="4" type="cond" truecount="2" falsecount="0"/>
        <line num="11" count="2" type="stmt"/>
        <line num="15" count="206" type="cond" truecount="2" falsecount="0"/>
        <line num="19" count="38" type="cond" truecount="2" falsecount="0"/>
        <line num="23" count="44" type="stmt"/>
        <line num="24" count="44" type="cond" truecount="2" falsecount="0"/>
        <line num="25" count="4" type="stmt"/>
        <line num="27" count="40" type="stmt"/>
        <line num="28" count="40" type="cond" truecount="2" falsecount="0"/>
        <line num="29" count="38" type="cond" truecount="2" falsecount="0"/>
        <line num="30" count="32" type="stmt"/>
        <line num="34" count="36" type="stmt"/>
        <line num="36" count="36" type="stmt"/>
        <line num="37" count="36" type="cond" truecount="2" falsecount="0"/>
        <line num="38" count="10" type="stmt"/>
        <line num="41" count="26" type="stmt"/>
        <line num="49" count="26" type="stmt"/>
        <line num="50" count="26" type="stmt"/>
        <line num="54" count="16" type="stmt"/>
        <line num="55" count="16" type="stmt"/>
        <line num="56" count="16" type="stmt"/>
        <line num="57" count="16" type="cond" truecount="2" falsecount="0"/>
        <line num="60" count="14" type="cond" truecount="2" falsecount="0"/>
        <line num="61" count="8" type="cond" truecount="8" falsecount="0"/>
        <line num="62" count="8" type="cond" truecount="2" falsecount="0"/>
        <line num="63" count="2" type="stmt"/>
        <line num="67" count="12" type="cond" truecount="2" falsecount="0"/>
        <line num="68" count="12" type="cond" truecount="2" falsecount="0"/>
        <line num="69" count="12" type="cond" truecount="2" falsecount="0"/>
        <line num="70" count="12" type="cond" truecount="2" falsecount="0"/>
        <line num="71" count="12" type="cond" truecount="2" falsecount="0"/>
        <line num="72" count="12" type="stmt"/>
        <line num="76" count="4" type="stmt"/>
        <line num="77" count="4" type="stmt"/>
        <line num="78" count="4" type="cond" truecount="2" falsecount="0"/>
        <line num="79" count="2" type="stmt"/>
        <line num="80" count="2" type="stmt"/>
        <line num="89" count="6" type="stmt"/>
      </file>
      <file name="concesionaria.controller.js" path="C:\ESPE\PruebasSoftware\Proyecto.PruebasU\Backend\src\controllers\concesionaria.controller.js">
        <metrics statements="39" coveredstatements="39" conditionals="47" coveredconditionals="47" methods="8" coveredmethods="8"/>
        <line num="11" count="6" type="stmt"/>
        <line num="15" count="4" type="stmt"/>
        <line num="19" count="38" type="stmt"/>
        <line num="21" count="38" type="cond" truecount="7" falsecount="0"/>
        <line num="22" count="2" type="stmt"/>
        <line num="25" count="36" type="cond" truecount="7" falsecount="0"/>
        <line num="27" count="2" type="stmt"/>
        <line num="31" count="34" type="stmt"/>
        <line num="32" count="12" type="cond" truecount="2" falsecount="0"/>
        <line num="34" count="34" type="cond" truecount="2" falsecount="0"/>
        <line num="35" count="6" type="stmt"/>
        <line num="38" count="28" type="stmt"/>
        <line num="43" count="32" type="stmt"/>
        <line num="45" count="32" type="stmt"/>
        <line num="46" count="32" type="cond" truecount="2" falsecount="0"/>
        <line num="47" count="8" type="stmt"/>
        <line num="50" count="24" type="stmt"/>
        <line num="59" count="24" type="stmt"/>
        <line num="60" count="24" type="stmt"/>
        <line num="65" count="16" type="stmt"/>
        <line num="66" count="16" type="stmt"/>
        <line num="68" count="16" type="stmt"/>
        <line num="69" count="16" type="cond" truecount="2" falsecount="0"/>
        <line num="72" count="14" type="cond" truecount="2" falsecount="0"/>
        <line num="73" count="6" type="cond" truecount="8" falsecount="0"/>
        <line num="74" count="6" type="cond" truecount="2" falsecount="0"/>
        <line num="75" count="2" type="stmt"/>
        <line num="79" count="12" type="cond" truecount="2" falsecount="0"/>
        <line num="80" count="12" type="cond" truecount="2" falsecount="0"/>
        <line num="81" count="12" type="cond" truecount="2" falsecount="0"/>
        <line num="82" count="12" type="cond" truecount="2" falsecount="0"/>
        <line num="83" count="12" type="cond" truecount="2" falsecount="0"/>
        <line num="85" count="12" type="stmt"/>
        <line num="90" count="4" type="stmt"/>
        <line num="92" count="4" type="stmt"/>
        <line num="93" count="4" type="cond" truecount="2" falsecount="0"/>
        <line num="95" count="2" type="stmt"/>
        <line num="97" count="2" type="stmt"/>
        <line num="106" count="6" type="stmt"/>
      </file>
      <file name="vendor.controller.js" path="C:\ESPE\PruebasSoftware\Proyecto.PruebasU\Backend\src\controllers\vendor.controller.js">
        <metrics statements="49" coveredstatements="49" conditionals="62" coveredconditionals="62" methods="12" coveredmethods="12"/>
        <line num="1" count="6" type="stmt"/>
        <line num="3" count="6" type="stmt"/>
        <line num="4" count="6" type="stmt"/>
        <line num="8" count="38" type="stmt"/>
        <line num="10" count="38" type="cond" truecount="7" falsecount="0"/>
        <line num="11" count="8" type="stmt"/>
        <line num="13" count="30" type="cond" truecount="2" falsecount="0"/>
        <line num="14" count="2" type="stmt"/>
        <line num="16" count="28" type="cond" truecount="2" falsecount="0"/>
        <line num="17" count="4" type="stmt"/>
        <line num="19" count="24" type="cond" truecount="5" falsecount="0"/>
        <line num="20" count="2" type="stmt"/>
        <line num="22" count="34" type="cond" truecount="2" falsecount="0"/>
        <line num="23" count="2" type="stmt"/>
        <line num="25" count="32" type="cond" truecount="2" falsecount="0"/>
        <line num="26" count="2" type="stmt"/>
        <line num="28" count="18" type="stmt"/>
        <line num="30" count="18" type="stmt"/>
        <line num="31" count="18" type="stmt"/>
        <line num="36" count="6" type="stmt"/>
        <line num="41" count="6" type="stmt"/>
        <line num="42" count="6" type="stmt"/>
        <line num="44" count="6" type="cond" truecount="2" falsecount="0"/>
        <line num="45" count="4" type="stmt"/>
        <line num="47" count="2" type="stmt"/>
        <line num="52" count="18" type="stmt"/>
        <line num="53" count="18" type="stmt"/>
        <line num="54" count="36" type="stmt"/>
        <line num="55" count="18" type="cond" truecount="2" falsecount="0"/>
        <line num="57" count="16" type="stmt"/>
        <line num="59" count="16" type="cond" truecount="4" falsecount="0"/>
        <line num="60" count="2" type="stmt"/>
        <line num="62" count="14" type="cond" truecount="4" falsecount="0"/>
        <line num="63" count="2" type="stmt"/>
        <line num="65" count="12" type="cond" truecount="6" falsecount="0"/>
        <line num="66" count="2" type="stmt"/>
        <line num="68" count="10" type="cond" truecount="6" falsecount="0"/>
        <line num="69" count="2" type="stmt"/>
        <line num="71" count="12" type="cond" truecount="6" falsecount="0"/>
        <line num="72" count="2" type="stmt"/>
        <line num="74" count="6" type="cond" truecount="8" falsecount="0"/>
        <line num="77" count="6" type="stmt"/>
        <line num="82" count="10" type="stmt"/>
        <line num="83" count="14" type="stmt"/>
        <line num="85" count="10" type="cond" truecount="2" falsecount="0"/>
        <line num="86" count="2" type="stmt"/>
        <line num="88" count="8" type="stmt"/>
        <line num="89" count="8" type="stmt"/>
        <line num="98" count="6" type="stmt"/>
      </file>
    </package>
    <package name="src.middleware">
      <metrics statements="10" coveredstatements="10" conditionals="2" coveredconditionals="2" methods="1" coveredmethods="1"/>
      <file name="authMiddleware.js" path="C:\ESPE\PruebasSoftware\Proyecto.PruebasU\Backend\src\middleware\authMiddleware.js">
        <metrics statements="10" coveredstatements="10" conditionals="2" coveredconditionals="2" methods="1" coveredmethods="1"/>
        <line num="1" count="6" type="stmt"/>
        <line num="8" count="258" type="stmt"/>
        <line num="9" count="258" type="cond" truecount="2" falsecount="0"/>
        <line num="11" count="255" type="stmt"/>
        <line num="12" count="255" type="stmt"/>
        <line num="13" count="254" type="stmt"/>
        <line num="14" count="254" type="stmt"/>
        <line num="15" count="254" type="stmt"/>
        <line num="17" count="1" type="stmt"/>
        <line num="21" count="6" type="stmt"/>
      </file>
    </package>
    <package name="src.routes">
      <metrics statements="42" coveredstatements="42" conditionals="0" coveredconditionals="0" methods="0" coveredmethods="0"/>
      <file name="auth.routes.js" path="C:\ESPE\PruebasSoftware\Proyecto.PruebasU\Backend\src\routes\auth.routes.js">
        <metrics statements="7" coveredstatements="7" conditionals="0" coveredconditionals="0" methods="0" coveredmethods="0"/>
        <line num="1" count="6" type="stmt"/>
        <line num="2" count="6" type="stmt"/>
        <line num="3" count="6" type="stmt"/>
        <line num="5" count="6" type="stmt"/>
        <line num="8" count="6" type="stmt"/>
        <line num="11" count="6" type="stmt"/>
        <line num="13" count="6" type="stmt"/>
      </file>
      <file name="auto.routes.js" path="C:\ESPE\PruebasSoftware\Proyecto.PruebasU\Backend\src\routes\auto.routes.js">
        <metrics statements="9" coveredstatements="9" conditionals="0" coveredconditionals="0" methods="0" coveredmethods="0"/>
        <line num="1" count="6" type="stmt"/>
        <line num="2" count="6" type="stmt"/>
        <line num="4" count="6" type="stmt"/>
        <line num="7" count="6" type="stmt"/>
        <line num="10" count="6" type="stmt"/>
        <line num="13" count="6" type="stmt"/>
        <line num="16" count="6" type="stmt"/>
        <line num="19" count="6" type="stmt"/>
        <line num="21" count="6" type="stmt"/>
      </file>
      <file name="cliente.routes.js" path="C:\ESPE\PruebasSoftware\Proyecto.PruebasU\Backend\src\routes\cliente.routes.js">
        <metrics statements="9" coveredstatements="9" conditionals="0" coveredconditionals="0" methods="0" coveredmethods="0"/>
        <line num="1" count="6" type="stmt"/>
        <line num="2" count="6" type="stmt"/>
        <line num="4" count="6" type="stmt"/>
        <line num="7" count="6" type="stmt"/>
        <line num="10" count="6" type="stmt"/>
        <line num="13" count="6" type="stmt"/>
        <line num="16" count="6" type="stmt"/>
        <line num="19" count="6" type="stmt"/>
        <line num="21" count="6" type="stmt"/>
      </file>
      <file name="concesionaria.routes.js" path="C:\ESPE\PruebasSoftware\Proyecto.PruebasU\Backend\src\routes\concesionaria.routes.js">
        <metrics statements="8" coveredstatements="8" conditionals="0" coveredconditionals="0" methods="0" coveredmethods="0"/>
        <line num="1" count="6" type="stmt"/>
        <line num="7" count="6" type="stmt"/>
        <line num="9" count="6" type="stmt"/>
        <line num="12" count="6" type="stmt"/>
        <line num="15" count="6" type="stmt"/>
        <line num="18" count="6" type="stmt"/>
        <line num="21" count="6" type="stmt"/>
        <line num="23" count="6" type="stmt"/>
      </file>
      <file name="vendor.route.js" path="C:\ESPE\PruebasSoftware\Proyecto.PruebasU\Backend\src\routes\vendor.route.js">
        <metrics statements="9" coveredstatements="9" conditionals="0" coveredconditionals="0" methods="0" coveredmethods="0"/>
        <line num="1" count="6" type="stmt"/>
        <line num="2" count="6" type="stmt"/>
        <line num="4" count="6" type="stmt"/>
        <line num="6" count="6" type="stmt"/>
        <line num="7" count="6" type="stmt"/>
        <line num="8" count="6" type="stmt"/>
        <line num="9" count="6" type="stmt"/>
        <line num="10" count="6" type="stmt"/>
        <line num="12" count="6" type="stmt"/>
      </file>
    </package>
  </project>
</coverage>
