{"C:\\Users\\caeta\\Documents\\6to\\PS\\proyecto\\Proyecto.PruebasU1\\Backend\\src\\app.js": {"path":"C:\\Users\\caeta\\Documents\\6to\\PS\\proyecto\\Proyecto.PruebasU1\\Backend\\src\\app.js","statementMap":{"0":{"start":{"line":1,"column":16},"end":{"line":1,"column":34}},"1":{"start":{"line":2,"column":19},"end":{"line":2,"column":50}},"2":{"start":{"line":3,"column":21},"end":{"line":3,"column":53}},"3":{"start":{"line":4,"column":22},"end":{"line":4,"column":56}},"4":{"start":{"line":5,"column":28},"end":{"line":5,"column":68}},"5":{"start":{"line":7,"column":12},"end":{"line":7,"column":21}},"6":{"start":{"line":10,"column":0},"end":{"line":17,"column":3}},"7":{"start":{"line":11,"column":4},"end":{"line":11,"column":54}},"8":{"start":{"line":12,"column":4},"end":{"line":12,"column":81}},"9":{"start":{"line":13,"column":4},"end":{"line":13,"column":80}},"10":{"start":{"line":15,"column":4},"end":{"line":15,"column":61}},"11":{"start":{"line":15,"column":34},"end":{"line":15,"column":61}},"12":{"start":{"line":16,"column":4},"end":{"line":16,"column":11}},"13":{"start":{"line":19,"column":0},"end":{"line":19,"column":24}},"14":{"start":{"line":22,"column":0},"end":{"line":24,"column":3}},"15":{"start":{"line":23,"column":4},"end":{"line":23,"column":65}},"16":{"start":{"line":27,"column":0},"end":{"line":27,"column":34}},"17":{"start":{"line":28,"column":0},"end":{"line":28,"column":30}},"18":{"start":{"line":29,"column":0},"end":{"line":29,"column":41}},"19":{"start":{"line":30,"column":0},"end":{"line":30,"column":37}},"20":{"start":{"line":31,"column":0},"end":{"line":31,"column":40}},"21":{"start":{"line":32,"column":0},"end":{"line":32,"column":36}},"22":{"start":{"line":33,"column":0},"end":{"line":33,"column":52}},"23":{"start":{"line":34,"column":0},"end":{"line":34,"column":48}},"24":{"start":{"line":37,"column":0},"end":{"line":39,"column":3}},"25":{"start":{"line":38,"column":4},"end":{"line":38,"column":64}},"26":{"start":{"line":43,"column":0},"end":{"line":48,"column":1}},"27":{"start":{"line":44,"column":17},"end":{"line":44,"column":41}},"28":{"start":{"line":45,"column":4},"end":{"line":47,"column":7}},"29":{"start":{"line":46,"column":8},"end":{"line":46,"column":79}},"30":{"start":{"line":51,"column":0},"end":{"line":51,"column":21}}},"fnMap":{"0":{"name":"(anonymous_0)","decl":{"start":{"line":10,"column":8},"end":{"line":10,"column":9}},"loc":{"start":{"line":10,"column":28},"end":{"line":17,"column":1}},"line":10},"1":{"name":"(anonymous_1)","decl":{"start":{"line":22,"column":13},"end":{"line":22,"column":14}},"loc":{"start":{"line":22,"column":27},"end":{"line":24,"column":1}},"line":22},"2":{"name":"(anonymous_2)","decl":{"start":{"line":37,"column":8},"end":{"line":37,"column":9}},"loc":{"start":{"line":37,"column":22},"end":{"line":39,"column":1}},"line":37},"3":{"name":"(anonymous_3)","decl":{"start":{"line":45,"column":21},"end":{"line":45,"column":22}},"loc":{"start":{"line":45,"column":27},"end":{"line":47,"column":5}},"line":45}},"branchMap":{"0":{"loc":{"start":{"line":15,"column":4},"end":{"line":15,"column":61}},"type":"if","locations":[{"start":{"line":15,"column":4},"end":{"line":15,"column":61}},{"start":{},"end":{}}],"line":15},"1":{"loc":{"start":{"line":43,"column":0},"end":{"line":48,"column":1}},"type":"if","locations":[{"start":{"line":43,"column":0},"end":{"line":48,"column":1}},{"start":{},"end":{}}],"line":43},"2":{"loc":{"start":{"line":44,"column":17},"end":{"line":44,"column":41}},"type":"binary-expr","locations":[{"start":{"line":44,"column":17},"end":{"line":44,"column":33}},{"start":{"line":44,"column":37},"end":{"line":44,"column":41}}],"line":44}},"s":{"0":1,"1":1,"2":1,"3":1,"4":1,"5":1,"6":1,"7":112,"8":112,"9":112,"10":112,"11":1,"12":111,"13":1,"14":1,"15":1,"16":1,"17":1,"18":1,"19":1,"20":1,"21":1,"22":1,"23":1,"24":1,"25":1,"26":1,"27":0,"28":0,"29":0,"30":1},"f":{"0":112,"1":1,"2":1,"3":0},"b":{"0":[1,111],"1":[0,1],"2":[0,0]},"_coverageSchema":"1a1c01bbd47fc00a2c39e90264f33305004495a9","hash":"9c82e6bccf7a3276fcf78fd0c8d1d814d10670ee"}
,"C:\\Users\\caeta\\Documents\\6to\\PS\\proyecto\\Proyecto.PruebasU1\\Backend\\src\\controllers\\auto.controller.js": {"path":"C:\\Users\\caeta\\Documents\\6to\\PS\\proyecto\\Proyecto.PruebasU1\\Backend\\src\\controllers\\auto.controller.js","statementMap":{"0":{"start":{"line":9,"column":14},"end":{"line":9,"column":16}},"1":{"start":{"line":13,"column":4},"end":{"line":13,"column":20}},"2":{"start":{"line":18,"column":55},"end":{"line":18,"column":63}},"3":{"start":{"line":21,"column":4},"end":{"line":23,"column":5}},"4":{"start":{"line":22,"column":8},"end":{"line":22,"column":111}},"5":{"start":{"line":26,"column":20},"end":{"line":33,"column":5}},"6":{"start":{"line":36,"column":4},"end":{"line":36,"column":24}},"7":{"start":{"line":39,"column":4},"end":{"line":39,"column":34}},"8":{"start":{"line":44,"column":19},"end":{"line":44,"column":29}},"9":{"start":{"line":45,"column":55},"end":{"line":45,"column":63}},"10":{"start":{"line":48,"column":14},"end":{"line":48,"column":55}},"11":{"start":{"line":48,"column":35},"end":{"line":48,"column":54}},"12":{"start":{"line":49,"column":4},"end":{"line":49,"column":81}},"13":{"start":{"line":49,"column":18},"end":{"line":49,"column":81}},"14":{"start":{"line":51,"column":4},"end":{"line":51,"column":52}},"15":{"start":{"line":51,"column":29},"end":{"line":51,"column":52}},"16":{"start":{"line":52,"column":4},"end":{"line":52,"column":55}},"17":{"start":{"line":52,"column":30},"end":{"line":52,"column":55}},"18":{"start":{"line":53,"column":4},"end":{"line":53,"column":46}},"19":{"start":{"line":53,"column":27},"end":{"line":53,"column":46}},"20":{"start":{"line":54,"column":4},"end":{"line":54,"column":52}},"21":{"start":{"line":54,"column":29},"end":{"line":54,"column":52}},"22":{"start":{"line":55,"column":4},"end":{"line":55,"column":70}},"23":{"start":{"line":55,"column":35},"end":{"line":55,"column":70}},"24":{"start":{"line":57,"column":4},"end":{"line":57,"column":23}},"25":{"start":{"line":62,"column":19},"end":{"line":62,"column":29}},"26":{"start":{"line":65,"column":18},"end":{"line":65,"column":59}},"27":{"start":{"line":65,"column":39},"end":{"line":65,"column":58}},"28":{"start":{"line":66,"column":4},"end":{"line":66,"column":85}},"29":{"start":{"line":66,"column":22},"end":{"line":66,"column":85}},"30":{"start":{"line":69,"column":20},"end":{"line":69,"column":42}},"31":{"start":{"line":71,"column":4},"end":{"line":71,"column":25}},"32":{"start":{"line":76,"column":4},"end":{"line":76,"column":21}},"33":{"start":{"line":79,"column":0},"end":{"line":79,"column":82}}},"fnMap":{"0":{"name":"getAllAutos","decl":{"start":{"line":12,"column":9},"end":{"line":12,"column":20}},"loc":{"start":{"line":12,"column":31},"end":{"line":14,"column":1}},"line":12},"1":{"name":"addNewAuto","decl":{"start":{"line":17,"column":9},"end":{"line":17,"column":19}},"loc":{"start":{"line":17,"column":30},"end":{"line":40,"column":1}},"line":17},"2":{"name":"updateAuto","decl":{"start":{"line":43,"column":9},"end":{"line":43,"column":19}},"loc":{"start":{"line":43,"column":30},"end":{"line":58,"column":1}},"line":43},"3":{"name":"(anonymous_3)","decl":{"start":{"line":48,"column":30},"end":{"line":48,"column":31}},"loc":{"start":{"line":48,"column":35},"end":{"line":48,"column":54}},"line":48},"4":{"name":"deleteAuto","decl":{"start":{"line":61,"column":9},"end":{"line":61,"column":19}},"loc":{"start":{"line":61,"column":30},"end":{"line":72,"column":1}},"line":61},"5":{"name":"(anonymous_5)","decl":{"start":{"line":65,"column":34},"end":{"line":65,"column":35}},"loc":{"start":{"line":65,"column":39},"end":{"line":65,"column":58}},"line":65},"6":{"name":"_clearAutos","decl":{"start":{"line":75,"column":9},"end":{"line":75,"column":20}},"loc":{"start":{"line":75,"column":23},"end":{"line":77,"column":1}},"line":75}},"branchMap":{"0":{"loc":{"start":{"line":21,"column":4},"end":{"line":23,"column":5}},"type":"if","locations":[{"start":{"line":21,"column":4},"end":{"line":23,"column":5}},{"start":{},"end":{}}],"line":21},"1":{"loc":{"start":{"line":21,"column":8},"end":{"line":21,"column":59}},"type":"binary-expr","locations":[{"start":{"line":21,"column":8},"end":{"line":21,"column":14}},{"start":{"line":21,"column":18},"end":{"line":21,"column":25}},{"start":{"line":21,"column":29},"end":{"line":21,"column":33}},{"start":{"line":21,"column":37},"end":{"line":21,"column":43}},{"start":{"line":21,"column":47},"end":{"line":21,"column":59}}],"line":21},"2":{"loc":{"start":{"line":49,"column":4},"end":{"line":49,"column":81}},"type":"if","locations":[{"start":{"line":49,"column":4},"end":{"line":49,"column":81}},{"start":{},"end":{}}],"line":49},"3":{"loc":{"start":{"line":51,"column":4},"end":{"line":51,"column":52}},"type":"if","locations":[{"start":{"line":51,"column":4},"end":{"line":51,"column":52}},{"start":{},"end":{}}],"line":51},"4":{"loc":{"start":{"line":52,"column":4},"end":{"line":52,"column":55}},"type":"if","locations":[{"start":{"line":52,"column":4},"end":{"line":52,"column":55}},{"start":{},"end":{}}],"line":52},"5":{"loc":{"start":{"line":53,"column":4},"end":{"line":53,"column":46}},"type":"if","locations":[{"start":{"line":53,"column":4},"end":{"line":53,"column":46}},{"start":{},"end":{}}],"line":53},"6":{"loc":{"start":{"line":54,"column":4},"end":{"line":54,"column":52}},"type":"if","locations":[{"start":{"line":54,"column":4},"end":{"line":54,"column":52}},{"start":{},"end":{}}],"line":54},"7":{"loc":{"start":{"line":55,"column":4},"end":{"line":55,"column":70}},"type":"if","locations":[{"start":{"line":55,"column":4},"end":{"line":55,"column":70}},{"start":{},"end":{}}],"line":55},"8":{"loc":{"start":{"line":66,"column":4},"end":{"line":66,"column":85}},"type":"if","locations":[{"start":{"line":66,"column":4},"end":{"line":66,"column":85}},{"start":{},"end":{}}],"line":66}},"s":{"0":1,"1":5,"2":5,"3":5,"4":1,"5":4,"6":4,"7":4,"8":2,"9":2,"10":2,"11":5,"12":2,"13":0,"14":2,"15":1,"16":2,"17":1,"18":2,"19":1,"20":2,"21":2,"22":2,"23":1,"24":2,"25":1,"26":1,"27":4,"28":1,"29":0,"30":1,"31":1,"32":0,"33":1},"f":{"0":5,"1":5,"2":2,"3":5,"4":1,"5":4,"6":0},"b":{"0":[1,4],"1":[5,5,4,4,4],"2":[0,2],"3":[1,1],"4":[1,1],"5":[1,1],"6":[2,0],"7":[1,1],"8":[0,1]},"_coverageSchema":"1a1c01bbd47fc00a2c39e90264f33305004495a9","hash":"46d282cdf5d2e3b781c72f58b0232f601dd728ca"}
,"C:\\Users\\caeta\\Documents\\6to\\PS\\proyecto\\Proyecto.PruebasU1\\Backend\\src\\controllers\\cliente.controller.js": {"path":"C:\\Users\\caeta\\Documents\\6to\\PS\\proyecto\\Proyecto.PruebasU1\\Backend\\src\\controllers\\cliente.controller.js","statementMap":{"0":{"start":{"line":1,"column":17},"end":{"line":1,"column":19}},"1":{"start":{"line":4,"column":4},"end":{"line":4,"column":23}},"2":{"start":{"line":8,"column":59},"end":{"line":8,"column":63}},"3":{"start":{"line":10,"column":4},"end":{"line":12,"column":5}},"4":{"start":{"line":11,"column":8},"end":{"line":11,"column":76}},"5":{"start":{"line":14,"column":4},"end":{"line":17,"column":5}},"6":{"start":{"line":16,"column":8},"end":{"line":16,"column":76}},"7":{"start":{"line":19,"column":23},"end":{"line":19,"column":51}},"8":{"start":{"line":20,"column":4},"end":{"line":22,"column":5}},"9":{"start":{"line":21,"column":8},"end":{"line":21,"column":53}},"10":{"start":{"line":25,"column":24},"end":{"line":27,"column":5}},"11":{"start":{"line":26,"column":8},"end":{"line":26,"column":74}},"12":{"start":{"line":28,"column":4},"end":{"line":30,"column":5}},"13":{"start":{"line":29,"column":8},"end":{"line":29,"column":45}},"14":{"start":{"line":32,"column":4},"end":{"line":32,"column":16}},"15":{"start":{"line":36,"column":59},"end":{"line":36,"column":67}},"16":{"start":{"line":38,"column":18},"end":{"line":38,"column":47}},"17":{"start":{"line":39,"column":4},"end":{"line":41,"column":5}},"18":{"start":{"line":40,"column":8},"end":{"line":40,"column":56}},"19":{"start":{"line":43,"column":23},"end":{"line":50,"column":5}},"20":{"start":{"line":51,"column":4},"end":{"line":51,"column":30}},"21":{"start":{"line":52,"column":4},"end":{"line":52,"column":37}},"22":{"start":{"line":56,"column":19},"end":{"line":56,"column":29}},"23":{"start":{"line":57,"column":59},"end":{"line":57,"column":67}},"24":{"start":{"line":58,"column":14},"end":{"line":58,"column":49}},"25":{"start":{"line":58,"column":38},"end":{"line":58,"column":48}},"26":{"start":{"line":59,"column":4},"end":{"line":59,"column":84}},"27":{"start":{"line":59,"column":18},"end":{"line":59,"column":84}},"28":{"start":{"line":62,"column":4},"end":{"line":67,"column":5}},"29":{"start":{"line":63,"column":22},"end":{"line":63,"column":223}},"30":{"start":{"line":64,"column":8},"end":{"line":66,"column":9}},"31":{"start":{"line":65,"column":12},"end":{"line":65,"column":60}},"32":{"start":{"line":69,"column":4},"end":{"line":69,"column":58}},"33":{"start":{"line":69,"column":30},"end":{"line":69,"column":58}},"34":{"start":{"line":70,"column":4},"end":{"line":70,"column":55}},"35":{"start":{"line":70,"column":29},"end":{"line":70,"column":55}},"36":{"start":{"line":71,"column":4},"end":{"line":71,"column":64}},"37":{"start":{"line":71,"column":32},"end":{"line":71,"column":64}},"38":{"start":{"line":72,"column":4},"end":{"line":72,"column":67}},"39":{"start":{"line":72,"column":33},"end":{"line":72,"column":67}},"40":{"start":{"line":73,"column":4},"end":{"line":73,"column":58}},"41":{"start":{"line":73,"column":30},"end":{"line":73,"column":58}},"42":{"start":{"line":74,"column":4},"end":{"line":74,"column":26}},"43":{"start":{"line":78,"column":19},"end":{"line":78,"column":29}},"44":{"start":{"line":79,"column":18},"end":{"line":79,"column":53}},"45":{"start":{"line":79,"column":42},"end":{"line":79,"column":52}},"46":{"start":{"line":80,"column":4},"end":{"line":80,"column":88}},"47":{"start":{"line":80,"column":22},"end":{"line":80,"column":88}},"48":{"start":{"line":81,"column":20},"end":{"line":81,"column":45}},"49":{"start":{"line":82,"column":4},"end":{"line":82,"column":25}},"50":{"start":{"line":85,"column":0},"end":{"line":85,"column":81}}},"fnMap":{"0":{"name":"getAllClientes","decl":{"start":{"line":3,"column":9},"end":{"line":3,"column":23}},"loc":{"start":{"line":3,"column":34},"end":{"line":5,"column":1}},"line":3},"1":{"name":"validateClienteData","decl":{"start":{"line":7,"column":9},"end":{"line":7,"column":28}},"loc":{"start":{"line":7,"column":53},"end":{"line":33,"column":1}},"line":7},"2":{"name":"(anonymous_2)","decl":{"start":{"line":25,"column":38},"end":{"line":25,"column":39}},"loc":{"start":{"line":26,"column":8},"end":{"line":26,"column":74}},"line":26},"3":{"name":"addNewCliente","decl":{"start":{"line":35,"column":9},"end":{"line":35,"column":22}},"loc":{"start":{"line":35,"column":33},"end":{"line":53,"column":1}},"line":35},"4":{"name":"updateCliente","decl":{"start":{"line":55,"column":9},"end":{"line":55,"column":22}},"loc":{"start":{"line":55,"column":33},"end":{"line":75,"column":1}},"line":55},"5":{"name":"(anonymous_5)","decl":{"start":{"line":58,"column":33},"end":{"line":58,"column":34}},"loc":{"start":{"line":58,"column":38},"end":{"line":58,"column":48}},"line":58},"6":{"name":"deleteCliente","decl":{"start":{"line":77,"column":9},"end":{"line":77,"column":22}},"loc":{"start":{"line":77,"column":33},"end":{"line":83,"column":1}},"line":77},"7":{"name":"(anonymous_7)","decl":{"start":{"line":79,"column":37},"end":{"line":79,"column":38}},"loc":{"start":{"line":79,"column":42},"end":{"line":79,"column":52}},"line":79}},"branchMap":{"0":{"loc":{"start":{"line":7,"column":35},"end":{"line":7,"column":51}},"type":"default-arg","locations":[{"start":{"line":7,"column":47},"end":{"line":7,"column":51}}],"line":7},"1":{"loc":{"start":{"line":10,"column":4},"end":{"line":12,"column":5}},"type":"if","locations":[{"start":{"line":10,"column":4},"end":{"line":12,"column":5}},{"start":{},"end":{}}],"line":10},"2":{"loc":{"start":{"line":10,"column":8},"end":{"line":10,"column":63}},"type":"binary-expr","locations":[{"start":{"line":10,"column":8},"end":{"line":10,"column":15}},{"start":{"line":10,"column":19},"end":{"line":10,"column":25}},{"start":{"line":10,"column":29},"end":{"line":10,"column":38}},{"start":{"line":10,"column":42},"end":{"line":10,"column":52}},{"start":{"line":10,"column":56},"end":{"line":10,"column":63}}],"line":10},"3":{"loc":{"start":{"line":14,"column":4},"end":{"line":17,"column":5}},"type":"if","locations":[{"start":{"line":14,"column":4},"end":{"line":17,"column":5}},{"start":{},"end":{}}],"line":14},"4":{"loc":{"start":{"line":14,"column":8},"end":{"line":15,"column":55}},"type":"binary-expr","locations":[{"start":{"line":14,"column":8},"end":{"line":14,"column":28}},{"start":{"line":14,"column":32},"end":{"line":14,"column":51}},{"start":{"line":14,"column":55},"end":{"line":14,"column":77}},{"start":{"line":15,"column":8},"end":{"line":15,"column":31}},{"start":{"line":15,"column":35},"end":{"line":15,"column":55}}],"line":14},"5":{"loc":{"start":{"line":20,"column":4},"end":{"line":22,"column":5}},"type":"if","locations":[{"start":{"line":20,"column":4},"end":{"line":22,"column":5}},{"start":{},"end":{}}],"line":20},"6":{"loc":{"start":{"line":26,"column":8},"end":{"line":26,"column":74}},"type":"binary-expr","locations":[{"start":{"line":26,"column":8},"end":{"line":26,"column":53}},{"start":{"line":26,"column":57},"end":{"line":26,"column":74}}],"line":26},"7":{"loc":{"start":{"line":28,"column":4},"end":{"line":30,"column":5}},"type":"if","locations":[{"start":{"line":28,"column":4},"end":{"line":30,"column":5}},{"start":{},"end":{}}],"line":28},"8":{"loc":{"start":{"line":39,"column":4},"end":{"line":41,"column":5}},"type":"if","locations":[{"start":{"line":39,"column":4},"end":{"line":41,"column":5}},{"start":{},"end":{}}],"line":39},"9":{"loc":{"start":{"line":59,"column":4},"end":{"line":59,"column":84}},"type":"if","locations":[{"start":{"line":59,"column":4},"end":{"line":59,"column":84}},{"start":{},"end":{}}],"line":59},"10":{"loc":{"start":{"line":62,"column":4},"end":{"line":67,"column":5}},"type":"if","locations":[{"start":{"line":62,"column":4},"end":{"line":67,"column":5}},{"start":{},"end":{}}],"line":62},"11":{"loc":{"start":{"line":63,"column":52},"end":{"line":63,"column":80}},"type":"binary-expr","locations":[{"start":{"line":63,"column":52},"end":{"line":63,"column":58}},{"start":{"line":63,"column":62},"end":{"line":63,"column":80}}],"line":63},"12":{"loc":{"start":{"line":63,"column":99},"end":{"line":63,"column":131}},"type":"binary-expr","locations":[{"start":{"line":63,"column":99},"end":{"line":63,"column":107}},{"start":{"line":63,"column":111},"end":{"line":63,"column":131}}],"line":63},"13":{"loc":{"start":{"line":63,"column":144},"end":{"line":63,"column":178}},"type":"binary-expr","locations":[{"start":{"line":63,"column":144},"end":{"line":63,"column":153}},{"start":{"line":63,"column":157},"end":{"line":63,"column":178}}],"line":63},"14":{"loc":{"start":{"line":63,"column":188},"end":{"line":63,"column":216}},"type":"binary-expr","locations":[{"start":{"line":63,"column":188},"end":{"line":63,"column":194}},{"start":{"line":63,"column":198},"end":{"line":63,"column":216}}],"line":63},"15":{"loc":{"start":{"line":64,"column":8},"end":{"line":66,"column":9}},"type":"if","locations":[{"start":{"line":64,"column":8},"end":{"line":66,"column":9}},{"start":{},"end":{}}],"line":64},"16":{"loc":{"start":{"line":69,"column":4},"end":{"line":69,"column":58}},"type":"if","locations":[{"start":{"line":69,"column":4},"end":{"line":69,"column":58}},{"start":{},"end":{}}],"line":69},"17":{"loc":{"start":{"line":70,"column":4},"end":{"line":70,"column":55}},"type":"if","locations":[{"start":{"line":70,"column":4},"end":{"line":70,"column":55}},{"start":{},"end":{}}],"line":70},"18":{"loc":{"start":{"line":71,"column":4},"end":{"line":71,"column":64}},"type":"if","locations":[{"start":{"line":71,"column":4},"end":{"line":71,"column":64}},{"start":{},"end":{}}],"line":71},"19":{"loc":{"start":{"line":72,"column":4},"end":{"line":72,"column":67}},"type":"if","locations":[{"start":{"line":72,"column":4},"end":{"line":72,"column":67}},{"start":{},"end":{}}],"line":72},"20":{"loc":{"start":{"line":73,"column":4},"end":{"line":73,"column":58}},"type":"if","locations":[{"start":{"line":73,"column":4},"end":{"line":73,"column":58}},{"start":{},"end":{}}],"line":73},"21":{"loc":{"start":{"line":80,"column":4},"end":{"line":80,"column":88}},"type":"if","locations":[{"start":{"line":80,"column":4},"end":{"line":80,"column":88}},{"start":{},"end":{}}],"line":80}},"s":{"0":1,"1":2,"2":21,"3":21,"4":1,"5":20,"6":1,"7":19,"8":19,"9":1,"10":18,"11":101,"12":18,"13":3,"14":15,"15":17,"16":17,"17":17,"18":5,"19":12,"20":12,"21":12,"22":8,"23":8,"24":8,"25":43,"26":8,"27":1,"28":7,"29":4,"30":4,"31":1,"32":6,"33":2,"34":6,"35":3,"36":6,"37":1,"38":6,"39":1,"40":6,"41":2,"42":6,"43":2,"44":2,"45":5,"46":2,"47":1,"48":1,"49":1,"50":1},"f":{"0":2,"1":21,"2":101,"3":17,"4":8,"5":43,"6":2,"7":5},"b":{"0":[17],"1":[1,20],"2":[21,21,20,20,20],"3":[1,19],"4":[20,19,19,19,19],"5":[1,18],"6":[101,4],"7":[3,15],"8":[5,12],"9":[1,7],"10":[4,3],"11":[4,3],"12":[4,4],"13":[4,4],"14":[4,3],"15":[1,3],"16":[2,4],"17":[3,3],"18":[1,5],"19":[1,5],"20":[2,4],"21":[1,1]},"_coverageSchema":"1a1c01bbd47fc00a2c39e90264f33305004495a9","hash":"bf8fc694848544ccaa8ba18119909cabd929617e"}
,"C:\\Users\\caeta\\Documents\\6to\\PS\\proyecto\\Proyecto.PruebasU1\\Backend\\src\\controllers\\concesionaria.controller.js": {"path":"C:\\Users\\caeta\\Documents\\6to\\PS\\proyecto\\Proyecto.PruebasU1\\Backend\\src\\controllers\\concesionaria.controller.js","statementMap":{"0":{"start":{"line":11,"column":23},"end":{"line":11,"column":25}},"1":{"start":{"line":15,"column":4},"end":{"line":15,"column":29}},"2":{"start":{"line":19,"column":61},"end":{"line":19,"column":65}},"3":{"start":{"line":21,"column":4},"end":{"line":23,"column":5}},"4":{"start":{"line":22,"column":8},"end":{"line":22,"column":78}},"5":{"start":{"line":25,"column":4},"end":{"line":28,"column":5}},"6":{"start":{"line":27,"column":8},"end":{"line":27,"column":76}},"7":{"start":{"line":31,"column":25},"end":{"line":33,"column":5}},"8":{"start":{"line":32,"column":8},"end":{"line":32,"column":82}},"9":{"start":{"line":34,"column":4},"end":{"line":36,"column":5}},"10":{"start":{"line":35,"column":8},"end":{"line":35,"column":60}},"11":{"start":{"line":38,"column":4},"end":{"line":38,"column":16}},"12":{"start":{"line":43,"column":61},"end":{"line":43,"column":69}},"13":{"start":{"line":45,"column":18},"end":{"line":45,"column":53}},"14":{"start":{"line":46,"column":4},"end":{"line":48,"column":5}},"15":{"start":{"line":47,"column":8},"end":{"line":47,"column":56}},"16":{"start":{"line":50,"column":29},"end":{"line":57,"column":5}},"17":{"start":{"line":59,"column":4},"end":{"line":59,"column":42}},"18":{"start":{"line":60,"column":4},"end":{"line":60,"column":43}},"19":{"start":{"line":65,"column":19},"end":{"line":65,"column":29}},"20":{"start":{"line":66,"column":61},"end":{"line":66,"column":69}},"21":{"start":{"line":68,"column":14},"end":{"line":68,"column":55}},"22":{"start":{"line":68,"column":44},"end":{"line":68,"column":54}},"23":{"start":{"line":69,"column":4},"end":{"line":69,"column":90}},"24":{"start":{"line":69,"column":18},"end":{"line":69,"column":90}},"25":{"start":{"line":72,"column":4},"end":{"line":77,"column":5}},"26":{"start":{"line":73,"column":22},"end":{"line":73,"column":257}},"27":{"start":{"line":74,"column":8},"end":{"line":76,"column":9}},"28":{"start":{"line":75,"column":12},"end":{"line":75,"column":60}},"29":{"start":{"line":79,"column":4},"end":{"line":79,"column":64}},"30":{"start":{"line":79,"column":30},"end":{"line":79,"column":64}},"31":{"start":{"line":80,"column":4},"end":{"line":80,"column":73}},"32":{"start":{"line":80,"column":33},"end":{"line":80,"column":73}},"33":{"start":{"line":81,"column":4},"end":{"line":81,"column":70}},"34":{"start":{"line":81,"column":32},"end":{"line":81,"column":70}},"35":{"start":{"line":82,"column":4},"end":{"line":82,"column":64}},"36":{"start":{"line":82,"column":30},"end":{"line":82,"column":64}},"37":{"start":{"line":83,"column":4},"end":{"line":83,"column":67}},"38":{"start":{"line":83,"column":31},"end":{"line":83,"column":67}},"39":{"start":{"line":85,"column":4},"end":{"line":85,"column":32}},"40":{"start":{"line":90,"column":19},"end":{"line":90,"column":29}},"41":{"start":{"line":92,"column":18},"end":{"line":92,"column":59}},"42":{"start":{"line":92,"column":48},"end":{"line":92,"column":58}},"43":{"start":{"line":93,"column":4},"end":{"line":93,"column":94}},"44":{"start":{"line":93,"column":22},"end":{"line":93,"column":94}},"45":{"start":{"line":95,"column":20},"end":{"line":95,"column":51}},"46":{"start":{"line":97,"column":4},"end":{"line":97,"column":25}},"47":{"start":{"line":100,"column":0},"end":{"line":105,"column":2}}},"fnMap":{"0":{"name":"getAllConcesionarias","decl":{"start":{"line":14,"column":9},"end":{"line":14,"column":29}},"loc":{"start":{"line":14,"column":40},"end":{"line":16,"column":1}},"line":14},"1":{"name":"validateConcesionariaData","decl":{"start":{"line":18,"column":9},"end":{"line":18,"column":34}},"loc":{"start":{"line":18,"column":65},"end":{"line":39,"column":1}},"line":18},"2":{"name":"(anonymous_2)","decl":{"start":{"line":31,"column":45},"end":{"line":31,"column":46}},"loc":{"start":{"line":32,"column":8},"end":{"line":32,"column":82}},"line":32},"3":{"name":"addNewConcesionaria","decl":{"start":{"line":42,"column":9},"end":{"line":42,"column":28}},"loc":{"start":{"line":42,"column":39},"end":{"line":61,"column":1}},"line":42},"4":{"name":"updateConcesionaria","decl":{"start":{"line":64,"column":9},"end":{"line":64,"column":28}},"loc":{"start":{"line":64,"column":39},"end":{"line":86,"column":1}},"line":64},"5":{"name":"(anonymous_5)","decl":{"start":{"line":68,"column":39},"end":{"line":68,"column":40}},"loc":{"start":{"line":68,"column":44},"end":{"line":68,"column":54}},"line":68},"6":{"name":"deleteConcesionaria","decl":{"start":{"line":89,"column":9},"end":{"line":89,"column":28}},"loc":{"start":{"line":89,"column":39},"end":{"line":98,"column":1}},"line":89},"7":{"name":"(anonymous_7)","decl":{"start":{"line":92,"column":43},"end":{"line":92,"column":44}},"loc":{"start":{"line":92,"column":48},"end":{"line":92,"column":58}},"line":92}},"branchMap":{"0":{"loc":{"start":{"line":18,"column":41},"end":{"line":18,"column":63}},"type":"default-arg","locations":[{"start":{"line":18,"column":59},"end":{"line":18,"column":63}}],"line":18},"1":{"loc":{"start":{"line":21,"column":4},"end":{"line":23,"column":5}},"type":"if","locations":[{"start":{"line":21,"column":4},"end":{"line":23,"column":5}},{"start":{},"end":{}}],"line":21},"2":{"loc":{"start":{"line":21,"column":8},"end":{"line":21,"column":65}},"type":"binary-expr","locations":[{"start":{"line":21,"column":8},"end":{"line":21,"column":15}},{"start":{"line":21,"column":19},"end":{"line":21,"column":29}},{"start":{"line":21,"column":33},"end":{"line":21,"column":42}},{"start":{"line":21,"column":46},"end":{"line":21,"column":53}},{"start":{"line":21,"column":57},"end":{"line":21,"column":65}}],"line":21},"3":{"loc":{"start":{"line":25,"column":4},"end":{"line":28,"column":5}},"type":"if","locations":[{"start":{"line":25,"column":4},"end":{"line":28,"column":5}},{"start":{},"end":{}}],"line":25},"4":{"loc":{"start":{"line":25,"column":8},"end":{"line":26,"column":53}},"type":"binary-expr","locations":[{"start":{"line":25,"column":8},"end":{"line":25,"column":28}},{"start":{"line":25,"column":32},"end":{"line":25,"column":55}},{"start":{"line":25,"column":59},"end":{"line":25,"column":81}},{"start":{"line":26,"column":8},"end":{"line":26,"column":28}},{"start":{"line":26,"column":32},"end":{"line":26,"column":53}}],"line":25},"5":{"loc":{"start":{"line":32,"column":8},"end":{"line":32,"column":82}},"type":"binary-expr","locations":[{"start":{"line":32,"column":8},"end":{"line":32,"column":55}},{"start":{"line":32,"column":59},"end":{"line":32,"column":82}}],"line":32},"6":{"loc":{"start":{"line":34,"column":4},"end":{"line":36,"column":5}},"type":"if","locations":[{"start":{"line":34,"column":4},"end":{"line":36,"column":5}},{"start":{},"end":{}}],"line":34},"7":{"loc":{"start":{"line":46,"column":4},"end":{"line":48,"column":5}},"type":"if","locations":[{"start":{"line":46,"column":4},"end":{"line":48,"column":5}},{"start":{},"end":{}}],"line":46},"8":{"loc":{"start":{"line":69,"column":4},"end":{"line":69,"column":90}},"type":"if","locations":[{"start":{"line":69,"column":4},"end":{"line":69,"column":90}},{"start":{},"end":{}}],"line":69},"9":{"loc":{"start":{"line":72,"column":4},"end":{"line":77,"column":5}},"type":"if","locations":[{"start":{"line":72,"column":4},"end":{"line":77,"column":5}},{"start":{},"end":{}}],"line":72},"10":{"loc":{"start":{"line":73,"column":69},"end":{"line":73,"column":109}},"type":"binary-expr","locations":[{"start":{"line":73,"column":69},"end":{"line":73,"column":78}},{"start":{"line":73,"column":82},"end":{"line":73,"column":109}}],"line":73},"11":{"loc":{"start":{"line":73,"column":121},"end":{"line":73,"column":159}},"type":"binary-expr","locations":[{"start":{"line":73,"column":121},"end":{"line":73,"column":129}},{"start":{"line":73,"column":133},"end":{"line":73,"column":159}}],"line":73},"12":{"loc":{"start":{"line":73,"column":169},"end":{"line":73,"column":203}},"type":"binary-expr","locations":[{"start":{"line":73,"column":169},"end":{"line":73,"column":175}},{"start":{"line":73,"column":179},"end":{"line":73,"column":203}}],"line":73},"13":{"loc":{"start":{"line":73,"column":214},"end":{"line":73,"column":250}},"type":"binary-expr","locations":[{"start":{"line":73,"column":214},"end":{"line":73,"column":221}},{"start":{"line":73,"column":225},"end":{"line":73,"column":250}}],"line":73},"14":{"loc":{"start":{"line":74,"column":8},"end":{"line":76,"column":9}},"type":"if","locations":[{"start":{"line":74,"column":8},"end":{"line":76,"column":9}},{"start":{},"end":{}}],"line":74},"15":{"loc":{"start":{"line":79,"column":4},"end":{"line":79,"column":64}},"type":"if","locations":[{"start":{"line":79,"column":4},"end":{"line":79,"column":64}},{"start":{},"end":{}}],"line":79},"16":{"loc":{"start":{"line":80,"column":4},"end":{"line":80,"column":73}},"type":"if","locations":[{"start":{"line":80,"column":4},"end":{"line":80,"column":73}},{"start":{},"end":{}}],"line":80},"17":{"loc":{"start":{"line":81,"column":4},"end":{"line":81,"column":70}},"type":"if","locations":[{"start":{"line":81,"column":4},"end":{"line":81,"column":70}},{"start":{},"end":{}}],"line":81},"18":{"loc":{"start":{"line":82,"column":4},"end":{"line":82,"column":64}},"type":"if","locations":[{"start":{"line":82,"column":4},"end":{"line":82,"column":64}},{"start":{},"end":{}}],"line":82},"19":{"loc":{"start":{"line":83,"column":4},"end":{"line":83,"column":67}},"type":"if","locations":[{"start":{"line":83,"column":4},"end":{"line":83,"column":67}},{"start":{},"end":{}}],"line":83},"20":{"loc":{"start":{"line":93,"column":4},"end":{"line":93,"column":94}},"type":"if","locations":[{"start":{"line":93,"column":4},"end":{"line":93,"column":94}},{"start":{},"end":{}}],"line":93}},"s":{"0":1,"1":2,"2":19,"3":19,"4":1,"5":18,"6":1,"7":17,"8":98,"9":17,"10":3,"11":14,"12":16,"13":16,"14":16,"15":4,"16":12,"17":12,"18":12,"19":8,"20":8,"21":8,"22":43,"23":8,"24":1,"25":7,"26":3,"27":3,"28":1,"29":6,"30":2,"31":6,"32":1,"33":6,"34":2,"35":6,"36":2,"37":6,"38":2,"39":6,"40":2,"41":2,"42":5,"43":2,"44":1,"45":1,"46":1,"47":1},"f":{"0":2,"1":19,"2":98,"3":16,"4":8,"5":43,"6":2,"7":5},"b":{"0":[16],"1":[1,18],"2":[19,19,18,18,18],"3":[1,17],"4":[18,17,17,17,17],"5":[98,4],"6":[3,14],"7":[4,12],"8":[1,7],"9":[3,4],"10":[3,3],"11":[3,3],"12":[3,3],"13":[3,2],"14":[1,2],"15":[2,4],"16":[1,5],"17":[2,4],"18":[2,4],"19":[2,4],"20":[1,1]},"_coverageSchema":"1a1c01bbd47fc00a2c39e90264f33305004495a9","hash":"f12046c35fcfd763576210c558856045ff237ff5"}
,"C:\\Users\\caeta\\Documents\\6to\\PS\\proyecto\\Proyecto.PruebasU1\\Backend\\src\\controllers\\vendor.controller.js": {"path":"C:\\Users\\caeta\\Documents\\6to\\PS\\proyecto\\Proyecto.PruebasU1\\Backend\\src\\controllers\\vendor.controller.js","statementMap":{"0":{"start":{"line":1,"column":19},"end":{"line":1,"column":21}},"1":{"start":{"line":3,"column":19},"end":{"line":3,"column":47}},"2":{"start":{"line":4,"column":19},"end":{"line":4,"column":34}},"3":{"start":{"line":8,"column":64},"end":{"line":8,"column":72}},"4":{"start":{"line":10,"column":4},"end":{"line":11,"column":119}},"5":{"start":{"line":11,"column":8},"end":{"line":11,"column":119}},"6":{"start":{"line":13,"column":4},"end":{"line":14,"column":74}},"7":{"start":{"line":14,"column":8},"end":{"line":14,"column":74}},"8":{"start":{"line":16,"column":4},"end":{"line":17,"column":118}},"9":{"start":{"line":17,"column":8},"end":{"line":17,"column":118}},"10":{"start":{"line":19,"column":4},"end":{"line":20,"column":95}},"11":{"start":{"line":20,"column":8},"end":{"line":20,"column":95}},"12":{"start":{"line":22,"column":4},"end":{"line":23,"column":80}},"13":{"start":{"line":22,"column":29},"end":{"line":22,"column":46}},"14":{"start":{"line":23,"column":8},"end":{"line":23,"column":80}},"15":{"start":{"line":25,"column":4},"end":{"line":26,"column":93}},"16":{"start":{"line":25,"column":29},"end":{"line":25,"column":64}},"17":{"start":{"line":26,"column":8},"end":{"line":26,"column":93}},"18":{"start":{"line":28,"column":24},"end":{"line":28,"column":90}},"19":{"start":{"line":30,"column":4},"end":{"line":30,"column":33}},"20":{"start":{"line":31,"column":4},"end":{"line":31,"column":45}},"21":{"start":{"line":36,"column":4},"end":{"line":36,"column":25}},"22":{"start":{"line":41,"column":15},"end":{"line":41,"column":36}},"23":{"start":{"line":42,"column":21},"end":{"line":42,"column":54}},"24":{"start":{"line":42,"column":42},"end":{"line":42,"column":53}},"25":{"start":{"line":44,"column":4},"end":{"line":45,"column":75}},"26":{"start":{"line":45,"column":8},"end":{"line":45,"column":75}},"27":{"start":{"line":47,"column":4},"end":{"line":47,"column":23}},"28":{"start":{"line":52,"column":15},"end":{"line":52,"column":38}},"29":{"start":{"line":53,"column":64},"end":{"line":53,"column":72}},"30":{"start":{"line":54,"column":18},"end":{"line":54,"column":56}},"31":{"start":{"line":54,"column":44},"end":{"line":54,"column":55}},"32":{"start":{"line":55,"column":4},"end":{"line":55,"column":89}},"33":{"start":{"line":55,"column":22},"end":{"line":55,"column":89}},"34":{"start":{"line":57,"column":21},"end":{"line":57,"column":38}},"35":{"start":{"line":59,"column":4},"end":{"line":60,"column":74}},"36":{"start":{"line":60,"column":8},"end":{"line":60,"column":74}},"37":{"start":{"line":62,"column":4},"end":{"line":63,"column":118}},"38":{"start":{"line":63,"column":8},"end":{"line":63,"column":118}},"39":{"start":{"line":65,"column":4},"end":{"line":66,"column":95}},"40":{"start":{"line":66,"column":8},"end":{"line":66,"column":95}},"41":{"start":{"line":68,"column":4},"end":{"line":69,"column":98}},"42":{"start":{"line":68,"column":52},"end":{"line":68,"column":84}},"43":{"start":{"line":69,"column":8},"end":{"line":69,"column":98}},"44":{"start":{"line":71,"column":4},"end":{"line":72,"column":93}},"45":{"start":{"line":71,"column":61},"end":{"line":71,"column":111}},"46":{"start":{"line":72,"column":8},"end":{"line":72,"column":93}},"47":{"start":{"line":74,"column":4},"end":{"line":75,"column":67}},"48":{"start":{"line":77,"column":4},"end":{"line":77,"column":32}},"49":{"start":{"line":82,"column":15},"end":{"line":82,"column":38}},"50":{"start":{"line":83,"column":18},"end":{"line":83,"column":56}},"51":{"start":{"line":83,"column":44},"end":{"line":83,"column":55}},"52":{"start":{"line":85,"column":4},"end":{"line":86,"column":75}},"53":{"start":{"line":86,"column":8},"end":{"line":86,"column":75}},"54":{"start":{"line":88,"column":4},"end":{"line":88,"column":32}},"55":{"start":{"line":89,"column":4},"end":{"line":89,"column":73}},"56":{"start":{"line":92,"column":0},"end":{"line":98,"column":2}}},"fnMap":{"0":{"name":"createVendor","decl":{"start":{"line":7,"column":9},"end":{"line":7,"column":21}},"loc":{"start":{"line":7,"column":32},"end":{"line":32,"column":1}},"line":7},"1":{"name":"(anonymous_1)","decl":{"start":{"line":22,"column":24},"end":{"line":22,"column":25}},"loc":{"start":{"line":22,"column":29},"end":{"line":22,"column":46}},"line":22},"2":{"name":"(anonymous_2)","decl":{"start":{"line":25,"column":24},"end":{"line":25,"column":25}},"loc":{"start":{"line":25,"column":29},"end":{"line":25,"column":64}},"line":25},"3":{"name":"getAllVendors","decl":{"start":{"line":35,"column":9},"end":{"line":35,"column":22}},"loc":{"start":{"line":35,"column":33},"end":{"line":37,"column":1}},"line":35},"4":{"name":"getVendorById","decl":{"start":{"line":40,"column":9},"end":{"line":40,"column":22}},"loc":{"start":{"line":40,"column":33},"end":{"line":48,"column":1}},"line":40},"5":{"name":"(anonymous_5)","decl":{"start":{"line":42,"column":37},"end":{"line":42,"column":38}},"loc":{"start":{"line":42,"column":42},"end":{"line":42,"column":53}},"line":42},"6":{"name":"updateVendor","decl":{"start":{"line":51,"column":9},"end":{"line":51,"column":21}},"loc":{"start":{"line":51,"column":32},"end":{"line":78,"column":1}},"line":51},"7":{"name":"(anonymous_7)","decl":{"start":{"line":54,"column":39},"end":{"line":54,"column":40}},"loc":{"start":{"line":54,"column":44},"end":{"line":54,"column":55}},"line":54},"8":{"name":"(anonymous_8)","decl":{"start":{"line":68,"column":47},"end":{"line":68,"column":48}},"loc":{"start":{"line":68,"column":52},"end":{"line":68,"column":84}},"line":68},"9":{"name":"(anonymous_9)","decl":{"start":{"line":71,"column":56},"end":{"line":71,"column":57}},"loc":{"start":{"line":71,"column":61},"end":{"line":71,"column":111}},"line":71},"10":{"name":"deleteVendor","decl":{"start":{"line":81,"column":9},"end":{"line":81,"column":21}},"loc":{"start":{"line":81,"column":32},"end":{"line":90,"column":1}},"line":81},"11":{"name":"(anonymous_11)","decl":{"start":{"line":83,"column":39},"end":{"line":83,"column":40}},"loc":{"start":{"line":83,"column":44},"end":{"line":83,"column":55}},"line":83}},"branchMap":{"0":{"loc":{"start":{"line":10,"column":4},"end":{"line":11,"column":119}},"type":"if","locations":[{"start":{"line":10,"column":4},"end":{"line":11,"column":119}},{"start":{},"end":{}}],"line":10},"1":{"loc":{"start":{"line":10,"column":8},"end":{"line":10,"column":81}},"type":"binary-expr","locations":[{"start":{"line":10,"column":8},"end":{"line":10,"column":13}},{"start":{"line":10,"column":17},"end":{"line":10,"column":23}},{"start":{"line":10,"column":27},"end":{"line":10,"column":36}},{"start":{"line":10,"column":40},"end":{"line":10,"column":62}},{"start":{"line":10,"column":66},"end":{"line":10,"column":81}}],"line":10},"2":{"loc":{"start":{"line":13,"column":4},"end":{"line":14,"column":74}},"type":"if","locations":[{"start":{"line":13,"column":4},"end":{"line":14,"column":74}},{"start":{},"end":{}}],"line":13},"3":{"loc":{"start":{"line":16,"column":4},"end":{"line":17,"column":118}},"type":"if","locations":[{"start":{"line":16,"column":4},"end":{"line":17,"column":118}},{"start":{},"end":{}}],"line":16},"4":{"loc":{"start":{"line":19,"column":4},"end":{"line":20,"column":95}},"type":"if","locations":[{"start":{"line":19,"column":4},"end":{"line":20,"column":95}},{"start":{},"end":{}}],"line":19},"5":{"loc":{"start":{"line":19,"column":8},"end":{"line":19,"column":57}},"type":"binary-expr","locations":[{"start":{"line":19,"column":8},"end":{"line":19,"column":23}},{"start":{"line":19,"column":27},"end":{"line":19,"column":39}},{"start":{"line":19,"column":43},"end":{"line":19,"column":57}}],"line":19},"6":{"loc":{"start":{"line":22,"column":4},"end":{"line":23,"column":80}},"type":"if","locations":[{"start":{"line":22,"column":4},"end":{"line":23,"column":80}},{"start":{},"end":{}}],"line":22},"7":{"loc":{"start":{"line":25,"column":4},"end":{"line":26,"column":93}},"type":"if","locations":[{"start":{"line":25,"column":4},"end":{"line":26,"column":93}},{"start":{},"end":{}}],"line":25},"8":{"loc":{"start":{"line":44,"column":4},"end":{"line":45,"column":75}},"type":"if","locations":[{"start":{"line":44,"column":4},"end":{"line":45,"column":75}},{"start":{},"end":{}}],"line":44},"9":{"loc":{"start":{"line":55,"column":4},"end":{"line":55,"column":89}},"type":"if","locations":[{"start":{"line":55,"column":4},"end":{"line":55,"column":89}},{"start":{},"end":{}}],"line":55},"10":{"loc":{"start":{"line":59,"column":4},"end":{"line":60,"column":74}},"type":"if","locations":[{"start":{"line":59,"column":4},"end":{"line":60,"column":74}},{"start":{},"end":{}}],"line":59},"11":{"loc":{"start":{"line":59,"column":8},"end":{"line":59,"column":54}},"type":"binary-expr","locations":[{"start":{"line":59,"column":8},"end":{"line":59,"column":27}},{"start":{"line":59,"column":31},"end":{"line":59,"column":54}}],"line":59},"12":{"loc":{"start":{"line":62,"column":4},"end":{"line":63,"column":118}},"type":"if","locations":[{"start":{"line":62,"column":4},"end":{"line":63,"column":118}},{"start":{},"end":{}}],"line":62},"13":{"loc":{"start":{"line":62,"column":8},"end":{"line":62,"column":60}},"type":"binary-expr","locations":[{"start":{"line":62,"column":8},"end":{"line":62,"column":30}},{"start":{"line":62,"column":34},"end":{"line":62,"column":60}}],"line":62},"14":{"loc":{"start":{"line":65,"column":4},"end":{"line":66,"column":95}},"type":"if","locations":[{"start":{"line":65,"column":4},"end":{"line":66,"column":95}},{"start":{},"end":{}}],"line":65},"15":{"loc":{"start":{"line":65,"column":8},"end":{"line":65,"column":85}},"type":"binary-expr","locations":[{"start":{"line":65,"column":8},"end":{"line":65,"column":30}},{"start":{"line":65,"column":35},"end":{"line":65,"column":50}},{"start":{"line":65,"column":54},"end":{"line":65,"column":66}},{"start":{"line":65,"column":70},"end":{"line":65,"column":84}}],"line":65},"16":{"loc":{"start":{"line":68,"column":4},"end":{"line":69,"column":98}},"type":"if","locations":[{"start":{"line":68,"column":4},"end":{"line":69,"column":98}},{"start":{},"end":{}}],"line":68},"17":{"loc":{"start":{"line":68,"column":8},"end":{"line":68,"column":85}},"type":"binary-expr","locations":[{"start":{"line":68,"column":8},"end":{"line":68,"column":27}},{"start":{"line":68,"column":31},"end":{"line":68,"column":85}}],"line":68},"18":{"loc":{"start":{"line":68,"column":52},"end":{"line":68,"column":84}},"type":"binary-expr","locations":[{"start":{"line":68,"column":52},"end":{"line":68,"column":69}},{"start":{"line":68,"column":73},"end":{"line":68,"column":84}}],"line":68},"19":{"loc":{"start":{"line":71,"column":4},"end":{"line":72,"column":93}},"type":"if","locations":[{"start":{"line":71,"column":4},"end":{"line":72,"column":93}},{"start":{},"end":{}}],"line":71},"20":{"loc":{"start":{"line":71,"column":8},"end":{"line":71,"column":112}},"type":"binary-expr","locations":[{"start":{"line":71,"column":8},"end":{"line":71,"column":36}},{"start":{"line":71,"column":40},"end":{"line":71,"column":112}}],"line":71},"21":{"loc":{"start":{"line":71,"column":61},"end":{"line":71,"column":111}},"type":"binary-expr","locations":[{"start":{"line":71,"column":61},"end":{"line":71,"column":96}},{"start":{"line":71,"column":100},"end":{"line":71,"column":111}}],"line":71},"22":{"loc":{"start":{"line":74,"column":44},"end":{"line":74,"column":65}},"type":"binary-expr","locations":[{"start":{"line":74,"column":44},"end":{"line":74,"column":48}},{"start":{"line":74,"column":52},"end":{"line":74,"column":65}}],"line":74},"23":{"loc":{"start":{"line":74,"column":74},"end":{"line":74,"column":97}},"type":"binary-expr","locations":[{"start":{"line":74,"column":74},"end":{"line":74,"column":79}},{"start":{"line":74,"column":83},"end":{"line":74,"column":97}}],"line":74},"24":{"loc":{"start":{"line":74,"column":109},"end":{"line":74,"column":138}},"type":"binary-expr","locations":[{"start":{"line":74,"column":109},"end":{"line":74,"column":117}},{"start":{"line":74,"column":121},"end":{"line":74,"column":138}}],"line":74},"25":{"loc":{"start":{"line":74,"column":150},"end":{"line":74,"column":179}},"type":"binary-expr","locations":[{"start":{"line":74,"column":150},"end":{"line":74,"column":158}},{"start":{"line":74,"column":162},"end":{"line":74,"column":179}}],"line":74},"26":{"loc":{"start":{"line":75,"column":24},"end":{"line":75,"column":65}},"type":"binary-expr","locations":[{"start":{"line":75,"column":24},"end":{"line":75,"column":38}},{"start":{"line":75,"column":42},"end":{"line":75,"column":65}}],"line":75},"27":{"loc":{"start":{"line":85,"column":4},"end":{"line":86,"column":75}},"type":"if","locations":[{"start":{"line":85,"column":4},"end":{"line":86,"column":75}},{"start":{},"end":{}}],"line":85}},"s":{"0":1,"1":1,"2":1,"3":19,"4":19,"5":4,"6":15,"7":1,"8":14,"9":2,"10":12,"11":1,"12":11,"13":17,"14":1,"15":10,"16":16,"17":1,"18":9,"19":9,"20":9,"21":3,"22":3,"23":3,"24":1,"25":3,"26":2,"27":1,"28":9,"29":9,"30":9,"31":18,"32":9,"33":1,"34":8,"35":8,"36":1,"37":7,"38":1,"39":6,"40":1,"41":5,"42":3,"43":1,"44":4,"45":6,"46":1,"47":3,"48":3,"49":5,"50":5,"51":7,"52":5,"53":1,"54":4,"55":4,"56":1},"f":{"0":19,"1":17,"2":16,"3":3,"4":3,"5":1,"6":9,"7":18,"8":3,"9":6,"10":5,"11":7},"b":{"0":[4,15],"1":[19,18,17,16,15],"2":[1,14],"3":[2,12],"4":[1,11],"5":[12,12,12],"6":[1,10],"7":[1,9],"8":[2,1],"9":[1,8],"10":[1,7],"11":[8,2],"12":[1,6],"13":[7,1],"14":[1,5],"15":[6,1,1,1],"16":[1,4],"17":[5,1],"18":[3,1],"19":[1,3],"20":[4,3],"21":[6,1],"22":[3,1],"23":[3,3],"24":[3,3],"25":[3,3],"26":[3,1],"27":[1,4]},"_coverageSchema":"1a1c01bbd47fc00a2c39e90264f33305004495a9","hash":"50ce3cf34a3235f53c307cff2937c8ac3a03fd3e"}
,"C:\\Users\\caeta\\Documents\\6to\\PS\\proyecto\\Proyecto.PruebasU1\\Backend\\src\\routes\\auto.routes.js": {"path":"C:\\Users\\caeta\\Documents\\6to\\PS\\proyecto\\Proyecto.PruebasU1\\Backend\\src\\routes\\auto.routes.js","statementMap":{"0":{"start":{"line":1,"column":16},"end":{"line":1,"column":34}},"1":{"start":{"line":2,"column":60},"end":{"line":2,"column":101}},"2":{"start":{"line":4,"column":15},"end":{"line":4,"column":31}},"3":{"start":{"line":7,"column":0},"end":{"line":7,"column":29}},"4":{"start":{"line":10,"column":0},"end":{"line":10,"column":29}},"5":{"start":{"line":13,"column":0},"end":{"line":13,"column":31}},"6":{"start":{"line":16,"column":0},"end":{"line":16,"column":34}},"7":{"start":{"line":18,"column":0},"end":{"line":18,"column":24}}},"fnMap":{},"branchMap":{},"s":{"0":1,"1":1,"2":1,"3":1,"4":1,"5":1,"6":1,"7":1},"f":{},"b":{},"_coverageSchema":"1a1c01bbd47fc00a2c39e90264f33305004495a9","hash":"38ecd83a3bc790474c5e1f105ff9e68722cf34be"}
,"C:\\Users\\caeta\\Documents\\6to\\PS\\proyecto\\Proyecto.PruebasU1\\Backend\\src\\routes\\cliente.routes.js": {"path":"C:\\Users\\caeta\\Documents\\6to\\PS\\proyecto\\Proyecto.PruebasU1\\Backend\\src\\routes\\cliente.routes.js","statementMap":{"0":{"start":{"line":1,"column":16},"end":{"line":1,"column":34}},"1":{"start":{"line":2,"column":72},"end":{"line":2,"column":116}},"2":{"start":{"line":4,"column":15},"end":{"line":4,"column":31}},"3":{"start":{"line":7,"column":0},"end":{"line":7,"column":32}},"4":{"start":{"line":10,"column":0},"end":{"line":10,"column":32}},"5":{"start":{"line":13,"column":0},"end":{"line":13,"column":34}},"6":{"start":{"line":16,"column":0},"end":{"line":16,"column":37}},"7":{"start":{"line":18,"column":0},"end":{"line":18,"column":24}}},"fnMap":{},"branchMap":{},"s":{"0":1,"1":1,"2":1,"3":1,"4":1,"5":1,"6":1,"7":1},"f":{},"b":{},"_coverageSchema":"1a1c01bbd47fc00a2c39e90264f33305004495a9","hash":"eb0c82fe8640163e5f52dcc47ea73b0aa0e88571"}
,"C:\\Users\\caeta\\Documents\\6to\\PS\\proyecto\\Proyecto.PruebasU1\\Backend\\src\\routes\\concesionaria.routes.js": {"path":"C:\\Users\\caeta\\Documents\\6to\\PS\\proyecto\\Proyecto.PruebasU1\\Backend\\src\\routes\\concesionaria.routes.js","statementMap":{"0":{"start":{"line":1,"column":16},"end":{"line":1,"column":34}},"1":{"start":{"line":7,"column":4},"end":{"line":7,"column":54}},"2":{"start":{"line":9,"column":15},"end":{"line":9,"column":31}},"3":{"start":{"line":12,"column":0},"end":{"line":12,"column":38}},"4":{"start":{"line":15,"column":0},"end":{"line":15,"column":38}},"5":{"start":{"line":18,"column":0},"end":{"line":18,"column":40}},"6":{"start":{"line":21,"column":0},"end":{"line":21,"column":43}},"7":{"start":{"line":23,"column":0},"end":{"line":23,"column":24}}},"fnMap":{},"branchMap":{},"s":{"0":1,"1":1,"2":1,"3":1,"4":1,"5":1,"6":1,"7":1},"f":{},"b":{},"_coverageSchema":"1a1c01bbd47fc00a2c39e90264f33305004495a9","hash":"71247acdd4beb58eb24fe74795ca04fbf5fdd88f"}
,"C:\\Users\\caeta\\Documents\\6to\\PS\\proyecto\\Proyecto.PruebasU1\\Backend\\src\\routes\\vendor.route.js": {"path":"C:\\Users\\caeta\\Documents\\6to\\PS\\proyecto\\Proyecto.PruebasU1\\Backend\\src\\routes\\vendor.route.js","statementMap":{"0":{"start":{"line":1,"column":16},"end":{"line":1,"column":34}},"1":{"start":{"line":2,"column":25},"end":{"line":2,"column":68}},"2":{"start":{"line":4,"column":15},"end":{"line":4,"column":31}},"3":{"start":{"line":6,"column":0},"end":{"line":6,"column":48}},"4":{"start":{"line":7,"column":0},"end":{"line":7,"column":48}},"5":{"start":{"line":8,"column":0},"end":{"line":8,"column":51}},"6":{"start":{"line":9,"column":0},"end":{"line":9,"column":50}},"7":{"start":{"line":10,"column":0},"end":{"line":10,"column":53}},"8":{"start":{"line":12,"column":0},"end":{"line":12,"column":24}}},"fnMap":{},"branchMap":{},"s":{"0":1,"1":1,"2":1,"3":1,"4":1,"5":1,"6":1,"7":1,"8":1},"f":{},"b":{},"_coverageSchema":"1a1c01bbd47fc00a2c39e90264f33305004495a9","hash":"f6e2dc1c184a8fa0d63545c3ac8af1193537b7f3"}
}
