{"D:\\Semestre VII\\Pruebas de Software\\Parcial I\\Proyecto.PruebasU1\\Backend\\src\\app.js": {"path":"D:\\Semestre VII\\Pruebas de Software\\Parcial I\\Proyecto.PruebasU1\\Backend\\src\\app.js","statementMap":{"0":{"start":{"line":1,"column":16},"end":{"line":1,"column":34}},"1":{"start":{"line":3,"column":19},"end":{"line":3,"column":50}},"2":{"start":{"line":4,"column":21},"end":{"line":4,"column":53}},"3":{"start":{"line":5,"column":22},"end":{"line":5,"column":56}},"4":{"start":{"line":7,"column":12},"end":{"line":7,"column":21}},"5":{"start":{"line":10,"column":0},"end":{"line":17,"column":3}},"6":{"start":{"line":11,"column":4},"end":{"line":11,"column":54}},"7":{"start":{"line":12,"column":4},"end":{"line":12,"column":81}},"8":{"start":{"line":13,"column":4},"end":{"line":13,"column":80}},"9":{"start":{"line":15,"column":4},"end":{"line":15,"column":61}},"10":{"start":{"line":15,"column":34},"end":{"line":15,"column":61}},"11":{"start":{"line":16,"column":4},"end":{"line":16,"column":11}},"12":{"start":{"line":19,"column":0},"end":{"line":19,"column":24}},"13":{"start":{"line":22,"column":0},"end":{"line":22,"column":34}},"14":{"start":{"line":23,"column":0},"end":{"line":23,"column":30}},"15":{"start":{"line":24,"column":0},"end":{"line":24,"column":41}},"16":{"start":{"line":25,"column":0},"end":{"line":25,"column":37}},"17":{"start":{"line":26,"column":0},"end":{"line":26,"column":40}},"18":{"start":{"line":27,"column":0},"end":{"line":27,"column":36}},"19":{"start":{"line":30,"column":0},"end":{"line":32,"column":3}},"20":{"start":{"line":31,"column":4},"end":{"line":31,"column":64}},"21":{"start":{"line":35,"column":0},"end":{"line":40,"column":1}},"22":{"start":{"line":36,"column":17},"end":{"line":36,"column":41}},"23":{"start":{"line":37,"column":4},"end":{"line":39,"column":7}},"24":{"start":{"line":38,"column":8},"end":{"line":38,"column":79}},"25":{"start":{"line":42,"column":0},"end":{"line":42,"column":21}}},"fnMap":{"0":{"name":"(anonymous_0)","decl":{"start":{"line":10,"column":8},"end":{"line":10,"column":9}},"loc":{"start":{"line":10,"column":28},"end":{"line":17,"column":1}},"line":10},"1":{"name":"(anonymous_1)","decl":{"start":{"line":30,"column":8},"end":{"line":30,"column":9}},"loc":{"start":{"line":30,"column":22},"end":{"line":32,"column":1}},"line":30},"2":{"name":"(anonymous_2)","decl":{"start":{"line":37,"column":21},"end":{"line":37,"column":22}},"loc":{"start":{"line":37,"column":27},"end":{"line":39,"column":5}},"line":37}},"branchMap":{"0":{"loc":{"start":{"line":15,"column":4},"end":{"line":15,"column":61}},"type":"if","locations":[{"start":{"line":15,"column":4},"end":{"line":15,"column":61}},{"start":{},"end":{}}],"line":15},"1":{"loc":{"start":{"line":35,"column":0},"end":{"line":40,"column":1}},"type":"if","locations":[{"start":{"line":35,"column":0},"end":{"line":40,"column":1}},{"start":{},"end":{}}],"line":35},"2":{"loc":{"start":{"line":36,"column":17},"end":{"line":36,"column":41}},"type":"binary-expr","locations":[{"start":{"line":36,"column":17},"end":{"line":36,"column":33}},{"start":{"line":36,"column":37},"end":{"line":36,"column":41}}],"line":36}},"s":{"0":3,"1":3,"2":3,"3":3,"4":3,"5":3,"6":61,"7":61,"8":61,"9":61,"10":0,"11":61,"12":3,"13":3,"14":3,"15":3,"16":3,"17":3,"18":3,"19":3,"20":0,"21":3,"22":0,"23":0,"24":0,"25":3},"f":{"0":61,"1":0,"2":0},"b":{"0":[0,61],"1":[0,3],"2":[0,0]},"_coverageSchema":"1a1c01bbd47fc00a2c39e90264f33305004495a9","hash":"14aba709ae8d09ddccd3de47ea2fd0ca204cd725"}
,"D:\\Semestre VII\\Pruebas de Software\\Parcial I\\Proyecto.PruebasU1\\Backend\\src\\controllers\\auto.controller.js": {"path":"D:\\Semestre VII\\Pruebas de Software\\Parcial I\\Proyecto.PruebasU1\\Backend\\src\\controllers\\auto.controller.js","statementMap":{"0":{"start":{"line":12,"column":14},"end":{"line":12,"column":16}},"1":{"start":{"line":16,"column":4},"end":{"line":16,"column":20}},"2":{"start":{"line":21,"column":55},"end":{"line":21,"column":63}},"3":{"start":{"line":24,"column":4},"end":{"line":26,"column":5}},"4":{"start":{"line":25,"column":8},"end":{"line":25,"column":111}},"5":{"start":{"line":29,"column":20},"end":{"line":36,"column":5}},"6":{"start":{"line":39,"column":4},"end":{"line":39,"column":24}},"7":{"start":{"line":42,"column":4},"end":{"line":42,"column":34}},"8":{"start":{"line":47,"column":19},"end":{"line":47,"column":29}},"9":{"start":{"line":48,"column":55},"end":{"line":48,"column":63}},"10":{"start":{"line":50,"column":14},"end":{"line":50,"column":46}},"11":{"start":{"line":50,"column":35},"end":{"line":50,"column":45}},"12":{"start":{"line":51,"column":4},"end":{"line":51,"column":81}},"13":{"start":{"line":51,"column":18},"end":{"line":51,"column":81}},"14":{"start":{"line":53,"column":4},"end":{"line":53,"column":52}},"15":{"start":{"line":53,"column":29},"end":{"line":53,"column":52}},"16":{"start":{"line":54,"column":4},"end":{"line":54,"column":55}},"17":{"start":{"line":54,"column":30},"end":{"line":54,"column":55}},"18":{"start":{"line":55,"column":4},"end":{"line":55,"column":46}},"19":{"start":{"line":55,"column":27},"end":{"line":55,"column":46}},"20":{"start":{"line":56,"column":4},"end":{"line":56,"column":52}},"21":{"start":{"line":56,"column":29},"end":{"line":56,"column":52}},"22":{"start":{"line":57,"column":4},"end":{"line":57,"column":70}},"23":{"start":{"line":57,"column":35},"end":{"line":57,"column":70}},"24":{"start":{"line":59,"column":4},"end":{"line":59,"column":23}},"25":{"start":{"line":64,"column":19},"end":{"line":64,"column":29}},"26":{"start":{"line":66,"column":18},"end":{"line":66,"column":51}},"27":{"start":{"line":66,"column":39},"end":{"line":66,"column":50}},"28":{"start":{"line":67,"column":4},"end":{"line":67,"column":85}},"29":{"start":{"line":67,"column":22},"end":{"line":67,"column":85}},"30":{"start":{"line":69,"column":20},"end":{"line":69,"column":42}},"31":{"start":{"line":71,"column":4},"end":{"line":71,"column":25}},"32":{"start":{"line":74,"column":0},"end":{"line":74,"column":81}}},"fnMap":{"0":{"name":"getAllPatients","decl":{"start":{"line":15,"column":9},"end":{"line":15,"column":23}},"loc":{"start":{"line":15,"column":34},"end":{"line":17,"column":1}},"line":15},"1":{"name":"addnewPatient","decl":{"start":{"line":20,"column":9},"end":{"line":20,"column":22}},"loc":{"start":{"line":20,"column":33},"end":{"line":43,"column":1}},"line":20},"2":{"name":"updatePatient","decl":{"start":{"line":46,"column":9},"end":{"line":46,"column":22}},"loc":{"start":{"line":46,"column":33},"end":{"line":60,"column":1}},"line":46},"3":{"name":"(anonymous_3)","decl":{"start":{"line":50,"column":30},"end":{"line":50,"column":31}},"loc":{"start":{"line":50,"column":35},"end":{"line":50,"column":45}},"line":50},"4":{"name":"deletePatient","decl":{"start":{"line":63,"column":9},"end":{"line":63,"column":22}},"loc":{"start":{"line":63,"column":33},"end":{"line":72,"column":1}},"line":63},"5":{"name":"(anonymous_5)","decl":{"start":{"line":66,"column":34},"end":{"line":66,"column":35}},"loc":{"start":{"line":66,"column":39},"end":{"line":66,"column":50}},"line":66}},"branchMap":{"0":{"loc":{"start":{"line":24,"column":4},"end":{"line":26,"column":5}},"type":"if","locations":[{"start":{"line":24,"column":4},"end":{"line":26,"column":5}},{"start":{},"end":{}}],"line":24},"1":{"loc":{"start":{"line":24,"column":8},"end":{"line":24,"column":59}},"type":"binary-expr","locations":[{"start":{"line":24,"column":8},"end":{"line":24,"column":14}},{"start":{"line":24,"column":18},"end":{"line":24,"column":25}},{"start":{"line":24,"column":29},"end":{"line":24,"column":33}},{"start":{"line":24,"column":37},"end":{"line":24,"column":43}},{"start":{"line":24,"column":47},"end":{"line":24,"column":59}}],"line":24},"2":{"loc":{"start":{"line":51,"column":4},"end":{"line":51,"column":81}},"type":"if","locations":[{"start":{"line":51,"column":4},"end":{"line":51,"column":81}},{"start":{},"end":{}}],"line":51},"3":{"loc":{"start":{"line":53,"column":4},"end":{"line":53,"column":52}},"type":"if","locations":[{"start":{"line":53,"column":4},"end":{"line":53,"column":52}},{"start":{},"end":{}}],"line":53},"4":{"loc":{"start":{"line":54,"column":4},"end":{"line":54,"column":55}},"type":"if","locations":[{"start":{"line":54,"column":4},"end":{"line":54,"column":55}},{"start":{},"end":{}}],"line":54},"5":{"loc":{"start":{"line":55,"column":4},"end":{"line":55,"column":46}},"type":"if","locations":[{"start":{"line":55,"column":4},"end":{"line":55,"column":46}},{"start":{},"end":{}}],"line":55},"6":{"loc":{"start":{"line":56,"column":4},"end":{"line":56,"column":52}},"type":"if","locations":[{"start":{"line":56,"column":4},"end":{"line":56,"column":52}},{"start":{},"end":{}}],"line":56},"7":{"loc":{"start":{"line":57,"column":4},"end":{"line":57,"column":70}},"type":"if","locations":[{"start":{"line":57,"column":4},"end":{"line":57,"column":70}},{"start":{},"end":{}}],"line":57},"8":{"loc":{"start":{"line":67,"column":4},"end":{"line":67,"column":85}},"type":"if","locations":[{"start":{"line":67,"column":4},"end":{"line":67,"column":85}},{"start":{},"end":{}}],"line":67}},"s":{"0":3,"1":1,"2":4,"3":4,"4":1,"5":3,"6":3,"7":3,"8":1,"9":1,"10":1,"11":2,"12":1,"13":0,"14":1,"15":0,"16":1,"17":0,"18":1,"19":0,"20":1,"21":1,"22":1,"23":0,"24":1,"25":1,"26":1,"27":3,"28":1,"29":1,"30":0,"31":0,"32":3},"f":{"0":1,"1":4,"2":1,"3":2,"4":1,"5":3},"b":{"0":[1,3],"1":[4,4,3,3,3],"2":[0,1],"3":[0,1],"4":[0,1],"5":[0,1],"6":[1,0],"7":[0,1],"8":[1,0]},"_coverageSchema":"1a1c01bbd47fc00a2c39e90264f33305004495a9","hash":"6e504e4c6c703941cbe52b619ef94e98157e84b0"}
,"D:\\Semestre VII\\Pruebas de Software\\Parcial I\\Proyecto.PruebasU1\\Backend\\src\\controllers\\cliente.controller.js": {"path":"D:\\Semestre VII\\Pruebas de Software\\Parcial I\\Proyecto.PruebasU1\\Backend\\src\\controllers\\cliente.controller.js","statementMap":{"0":{"start":{"line":1,"column":17},"end":{"line":1,"column":19}},"1":{"start":{"line":4,"column":4},"end":{"line":4,"column":23}},"2":{"start":{"line":8,"column":59},"end":{"line":8,"column":67}},"3":{"start":{"line":11,"column":4},"end":{"line":13,"column":5}},"4":{"start":{"line":12,"column":8},"end":{"line":12,"column":111}},"5":{"start":{"line":16,"column":4},"end":{"line":19,"column":5}},"6":{"start":{"line":18,"column":8},"end":{"line":18,"column":111}},"7":{"start":{"line":22,"column":23},"end":{"line":22,"column":51}},"8":{"start":{"line":23,"column":4},"end":{"line":25,"column":5}},"9":{"start":{"line":24,"column":8},"end":{"line":24,"column":88}},"10":{"start":{"line":27,"column":23},"end":{"line":34,"column":5}},"11":{"start":{"line":35,"column":4},"end":{"line":35,"column":30}},"12":{"start":{"line":36,"column":4},"end":{"line":36,"column":37}},"13":{"start":{"line":40,"column":19},"end":{"line":40,"column":29}},"14":{"start":{"line":41,"column":59},"end":{"line":41,"column":67}},"15":{"start":{"line":42,"column":14},"end":{"line":42,"column":49}},"16":{"start":{"line":42,"column":38},"end":{"line":42,"column":48}},"17":{"start":{"line":43,"column":4},"end":{"line":43,"column":84}},"18":{"start":{"line":43,"column":18},"end":{"line":43,"column":84}},"19":{"start":{"line":44,"column":4},"end":{"line":44,"column":58}},"20":{"start":{"line":44,"column":30},"end":{"line":44,"column":58}},"21":{"start":{"line":45,"column":4},"end":{"line":45,"column":55}},"22":{"start":{"line":45,"column":29},"end":{"line":45,"column":55}},"23":{"start":{"line":46,"column":4},"end":{"line":46,"column":64}},"24":{"start":{"line":46,"column":32},"end":{"line":46,"column":64}},"25":{"start":{"line":47,"column":4},"end":{"line":47,"column":67}},"26":{"start":{"line":47,"column":33},"end":{"line":47,"column":67}},"27":{"start":{"line":48,"column":4},"end":{"line":48,"column":58}},"28":{"start":{"line":48,"column":30},"end":{"line":48,"column":58}},"29":{"start":{"line":49,"column":4},"end":{"line":49,"column":26}},"30":{"start":{"line":53,"column":19},"end":{"line":53,"column":29}},"31":{"start":{"line":54,"column":18},"end":{"line":54,"column":53}},"32":{"start":{"line":54,"column":42},"end":{"line":54,"column":52}},"33":{"start":{"line":55,"column":4},"end":{"line":55,"column":88}},"34":{"start":{"line":55,"column":22},"end":{"line":55,"column":88}},"35":{"start":{"line":56,"column":20},"end":{"line":56,"column":45}},"36":{"start":{"line":57,"column":4},"end":{"line":57,"column":25}},"37":{"start":{"line":60,"column":0},"end":{"line":60,"column":81}}},"fnMap":{"0":{"name":"getAllClientes","decl":{"start":{"line":3,"column":9},"end":{"line":3,"column":23}},"loc":{"start":{"line":3,"column":34},"end":{"line":5,"column":1}},"line":3},"1":{"name":"addNewCliente","decl":{"start":{"line":7,"column":9},"end":{"line":7,"column":22}},"loc":{"start":{"line":7,"column":33},"end":{"line":37,"column":1}},"line":7},"2":{"name":"updateCliente","decl":{"start":{"line":39,"column":9},"end":{"line":39,"column":22}},"loc":{"start":{"line":39,"column":33},"end":{"line":50,"column":1}},"line":39},"3":{"name":"(anonymous_3)","decl":{"start":{"line":42,"column":33},"end":{"line":42,"column":34}},"loc":{"start":{"line":42,"column":38},"end":{"line":42,"column":48}},"line":42},"4":{"name":"deleteCliente","decl":{"start":{"line":52,"column":9},"end":{"line":52,"column":22}},"loc":{"start":{"line":52,"column":33},"end":{"line":58,"column":1}},"line":52},"5":{"name":"(anonymous_5)","decl":{"start":{"line":54,"column":37},"end":{"line":54,"column":38}},"loc":{"start":{"line":54,"column":42},"end":{"line":54,"column":52}},"line":54}},"branchMap":{"0":{"loc":{"start":{"line":11,"column":4},"end":{"line":13,"column":5}},"type":"if","locations":[{"start":{"line":11,"column":4},"end":{"line":13,"column":5}},{"start":{},"end":{}}],"line":11},"1":{"loc":{"start":{"line":11,"column":8},"end":{"line":11,"column":63}},"type":"binary-expr","locations":[{"start":{"line":11,"column":8},"end":{"line":11,"column":15}},{"start":{"line":11,"column":19},"end":{"line":11,"column":25}},{"start":{"line":11,"column":29},"end":{"line":11,"column":38}},{"start":{"line":11,"column":42},"end":{"line":11,"column":52}},{"start":{"line":11,"column":56},"end":{"line":11,"column":63}}],"line":11},"2":{"loc":{"start":{"line":16,"column":4},"end":{"line":19,"column":5}},"type":"if","locations":[{"start":{"line":16,"column":4},"end":{"line":19,"column":5}},{"start":{},"end":{}}],"line":16},"3":{"loc":{"start":{"line":16,"column":8},"end":{"line":17,"column":55}},"type":"binary-expr","locations":[{"start":{"line":16,"column":8},"end":{"line":16,"column":28}},{"start":{"line":16,"column":32},"end":{"line":16,"column":51}},{"start":{"line":16,"column":55},"end":{"line":16,"column":77}},{"start":{"line":17,"column":8},"end":{"line":17,"column":31}},{"start":{"line":17,"column":35},"end":{"line":17,"column":55}}],"line":16},"4":{"loc":{"start":{"line":23,"column":4},"end":{"line":25,"column":5}},"type":"if","locations":[{"start":{"line":23,"column":4},"end":{"line":25,"column":5}},{"start":{},"end":{}}],"line":23},"5":{"loc":{"start":{"line":43,"column":4},"end":{"line":43,"column":84}},"type":"if","locations":[{"start":{"line":43,"column":4},"end":{"line":43,"column":84}},{"start":{},"end":{}}],"line":43},"6":{"loc":{"start":{"line":44,"column":4},"end":{"line":44,"column":58}},"type":"if","locations":[{"start":{"line":44,"column":4},"end":{"line":44,"column":58}},{"start":{},"end":{}}],"line":44},"7":{"loc":{"start":{"line":45,"column":4},"end":{"line":45,"column":55}},"type":"if","locations":[{"start":{"line":45,"column":4},"end":{"line":45,"column":55}},{"start":{},"end":{}}],"line":45},"8":{"loc":{"start":{"line":46,"column":4},"end":{"line":46,"column":64}},"type":"if","locations":[{"start":{"line":46,"column":4},"end":{"line":46,"column":64}},{"start":{},"end":{}}],"line":46},"9":{"loc":{"start":{"line":47,"column":4},"end":{"line":47,"column":67}},"type":"if","locations":[{"start":{"line":47,"column":4},"end":{"line":47,"column":67}},{"start":{},"end":{}}],"line":47},"10":{"loc":{"start":{"line":48,"column":4},"end":{"line":48,"column":58}},"type":"if","locations":[{"start":{"line":48,"column":4},"end":{"line":48,"column":58}},{"start":{},"end":{}}],"line":48},"11":{"loc":{"start":{"line":55,"column":4},"end":{"line":55,"column":88}},"type":"if","locations":[{"start":{"line":55,"column":4},"end":{"line":55,"column":88}},{"start":{},"end":{}}],"line":55}},"s":{"0":3,"1":2,"2":10,"3":10,"4":1,"5":9,"6":1,"7":8,"8":8,"9":1,"10":7,"11":7,"12":7,"13":6,"14":6,"15":6,"16":22,"17":6,"18":1,"19":5,"20":1,"21":5,"22":2,"23":5,"24":1,"25":5,"26":1,"27":5,"28":2,"29":5,"30":2,"31":2,"32":5,"33":2,"34":1,"35":1,"36":1,"37":3},"f":{"0":2,"1":10,"2":6,"3":22,"4":2,"5":5},"b":{"0":[1,9],"1":[10,10,9,9,9],"2":[1,8],"3":[9,8,8,8,8],"4":[1,7],"5":[1,5],"6":[1,4],"7":[2,3],"8":[1,4],"9":[1,4],"10":[2,3],"11":[1,1]},"_coverageSchema":"1a1c01bbd47fc00a2c39e90264f33305004495a9","hash":"63dde921b32eb810e93c03992de496332673e0a0"}
,"D:\\Semestre VII\\Pruebas de Software\\Parcial I\\Proyecto.PruebasU1\\Backend\\src\\controllers\\vendor.controller.js": {"path":"D:\\Semestre VII\\Pruebas de Software\\Parcial I\\Proyecto.PruebasU1\\Backend\\src\\controllers\\vendor.controller.js","statementMap":{"0":{"start":{"line":1,"column":19},"end":{"line":1,"column":21}},"1":{"start":{"line":3,"column":19},"end":{"line":3,"column":47}},"2":{"start":{"line":4,"column":19},"end":{"line":4,"column":34}},"3":{"start":{"line":8,"column":62},"end":{"line":8,"column":70}},"4":{"start":{"line":9,"column":4},"end":{"line":10,"column":102}},"5":{"start":{"line":10,"column":8},"end":{"line":10,"column":102}},"6":{"start":{"line":12,"column":4},"end":{"line":13,"column":74}},"7":{"start":{"line":13,"column":8},"end":{"line":13,"column":74}},"8":{"start":{"line":15,"column":4},"end":{"line":16,"column":120}},"9":{"start":{"line":16,"column":8},"end":{"line":16,"column":120}},"10":{"start":{"line":18,"column":4},"end":{"line":19,"column":97}},"11":{"start":{"line":19,"column":8},"end":{"line":19,"column":97}},"12":{"start":{"line":21,"column":4},"end":{"line":22,"column":80}},"13":{"start":{"line":21,"column":29},"end":{"line":21,"column":46}},"14":{"start":{"line":22,"column":8},"end":{"line":22,"column":80}},"15":{"start":{"line":24,"column":24},"end":{"line":24,"column":116}},"16":{"start":{"line":25,"column":4},"end":{"line":25,"column":33}},"17":{"start":{"line":26,"column":4},"end":{"line":26,"column":45}},"18":{"start":{"line":31,"column":4},"end":{"line":31,"column":25}},"19":{"start":{"line":36,"column":15},"end":{"line":36,"column":36}},"20":{"start":{"line":37,"column":21},"end":{"line":37,"column":54}},"21":{"start":{"line":37,"column":42},"end":{"line":37,"column":53}},"22":{"start":{"line":39,"column":4},"end":{"line":40,"column":75}},"23":{"start":{"line":40,"column":8},"end":{"line":40,"column":75}},"24":{"start":{"line":42,"column":4},"end":{"line":42,"column":23}},"25":{"start":{"line":47,"column":15},"end":{"line":47,"column":38}},"26":{"start":{"line":48,"column":62},"end":{"line":48,"column":70}},"27":{"start":{"line":50,"column":18},"end":{"line":50,"column":56}},"28":{"start":{"line":50,"column":44},"end":{"line":50,"column":55}},"29":{"start":{"line":51,"column":4},"end":{"line":52,"column":75}},"30":{"start":{"line":52,"column":8},"end":{"line":52,"column":75}},"31":{"start":{"line":54,"column":21},"end":{"line":54,"column":38}},"32":{"start":{"line":56,"column":4},"end":{"line":57,"column":74}},"33":{"start":{"line":57,"column":8},"end":{"line":57,"column":74}},"34":{"start":{"line":59,"column":4},"end":{"line":60,"column":119}},"35":{"start":{"line":60,"column":8},"end":{"line":60,"column":119}},"36":{"start":{"line":62,"column":4},"end":{"line":63,"column":96}},"37":{"start":{"line":63,"column":8},"end":{"line":63,"column":96}},"38":{"start":{"line":65,"column":4},"end":{"line":66,"column":98}},"39":{"start":{"line":65,"column":52},"end":{"line":65,"column":84}},"40":{"start":{"line":66,"column":8},"end":{"line":66,"column":98}},"41":{"start":{"line":68,"column":4},"end":{"line":70,"column":6}},"42":{"start":{"line":72,"column":4},"end":{"line":72,"column":32}},"43":{"start":{"line":77,"column":15},"end":{"line":77,"column":38}},"44":{"start":{"line":78,"column":18},"end":{"line":78,"column":56}},"45":{"start":{"line":78,"column":44},"end":{"line":78,"column":55}},"46":{"start":{"line":80,"column":4},"end":{"line":81,"column":75}},"47":{"start":{"line":81,"column":8},"end":{"line":81,"column":75}},"48":{"start":{"line":84,"column":4},"end":{"line":84,"column":32}},"49":{"start":{"line":85,"column":4},"end":{"line":85,"column":73}},"50":{"start":{"line":88,"column":0},"end":{"line":94,"column":2}}},"fnMap":{"0":{"name":"createVendor","decl":{"start":{"line":7,"column":9},"end":{"line":7,"column":21}},"loc":{"start":{"line":7,"column":32},"end":{"line":27,"column":1}},"line":7},"1":{"name":"(anonymous_1)","decl":{"start":{"line":21,"column":24},"end":{"line":21,"column":25}},"loc":{"start":{"line":21,"column":29},"end":{"line":21,"column":46}},"line":21},"2":{"name":"getAllVendors","decl":{"start":{"line":30,"column":9},"end":{"line":30,"column":22}},"loc":{"start":{"line":30,"column":33},"end":{"line":32,"column":1}},"line":30},"3":{"name":"getVendorById","decl":{"start":{"line":35,"column":9},"end":{"line":35,"column":22}},"loc":{"start":{"line":35,"column":33},"end":{"line":43,"column":1}},"line":35},"4":{"name":"(anonymous_4)","decl":{"start":{"line":37,"column":37},"end":{"line":37,"column":38}},"loc":{"start":{"line":37,"column":42},"end":{"line":37,"column":53}},"line":37},"5":{"name":"updateVendor","decl":{"start":{"line":46,"column":9},"end":{"line":46,"column":21}},"loc":{"start":{"line":46,"column":32},"end":{"line":73,"column":1}},"line":46},"6":{"name":"(anonymous_6)","decl":{"start":{"line":50,"column":39},"end":{"line":50,"column":40}},"loc":{"start":{"line":50,"column":44},"end":{"line":50,"column":55}},"line":50},"7":{"name":"(anonymous_7)","decl":{"start":{"line":65,"column":47},"end":{"line":65,"column":48}},"loc":{"start":{"line":65,"column":52},"end":{"line":65,"column":84}},"line":65},"8":{"name":"deleteVendor","decl":{"start":{"line":76,"column":9},"end":{"line":76,"column":21}},"loc":{"start":{"line":76,"column":32},"end":{"line":86,"column":1}},"line":76},"9":{"name":"(anonymous_9)","decl":{"start":{"line":78,"column":39},"end":{"line":78,"column":40}},"loc":{"start":{"line":78,"column":44},"end":{"line":78,"column":55}},"line":78}},"branchMap":{"0":{"loc":{"start":{"line":9,"column":4},"end":{"line":10,"column":102}},"type":"if","locations":[{"start":{"line":9,"column":4},"end":{"line":10,"column":102}},{"start":{},"end":{}}],"line":9},"1":{"loc":{"start":{"line":9,"column":8},"end":{"line":9,"column":62}},"type":"binary-expr","locations":[{"start":{"line":9,"column":8},"end":{"line":9,"column":13}},{"start":{"line":9,"column":17},"end":{"line":9,"column":23}},{"start":{"line":9,"column":27},"end":{"line":9,"column":36}},{"start":{"line":9,"column":40},"end":{"line":9,"column":62}}],"line":9},"2":{"loc":{"start":{"line":12,"column":4},"end":{"line":13,"column":74}},"type":"if","locations":[{"start":{"line":12,"column":4},"end":{"line":13,"column":74}},{"start":{},"end":{}}],"line":12},"3":{"loc":{"start":{"line":15,"column":4},"end":{"line":16,"column":120}},"type":"if","locations":[{"start":{"line":15,"column":4},"end":{"line":16,"column":120}},{"start":{},"end":{}}],"line":15},"4":{"loc":{"start":{"line":18,"column":4},"end":{"line":19,"column":97}},"type":"if","locations":[{"start":{"line":18,"column":4},"end":{"line":19,"column":97}},{"start":{},"end":{}}],"line":18},"5":{"loc":{"start":{"line":18,"column":8},"end":{"line":18,"column":57}},"type":"binary-expr","locations":[{"start":{"line":18,"column":8},"end":{"line":18,"column":23}},{"start":{"line":18,"column":27},"end":{"line":18,"column":39}},{"start":{"line":18,"column":43},"end":{"line":18,"column":57}}],"line":18},"6":{"loc":{"start":{"line":21,"column":4},"end":{"line":22,"column":80}},"type":"if","locations":[{"start":{"line":21,"column":4},"end":{"line":22,"column":80}},{"start":{},"end":{}}],"line":21},"7":{"loc":{"start":{"line":24,"column":89},"end":{"line":24,"column":114}},"type":"binary-expr","locations":[{"start":{"line":24,"column":89},"end":{"line":24,"column":101}},{"start":{"line":24,"column":105},"end":{"line":24,"column":114}}],"line":24},"8":{"loc":{"start":{"line":39,"column":4},"end":{"line":40,"column":75}},"type":"if","locations":[{"start":{"line":39,"column":4},"end":{"line":40,"column":75}},{"start":{},"end":{}}],"line":39},"9":{"loc":{"start":{"line":51,"column":4},"end":{"line":52,"column":75}},"type":"if","locations":[{"start":{"line":51,"column":4},"end":{"line":52,"column":75}},{"start":{},"end":{}}],"line":51},"10":{"loc":{"start":{"line":56,"column":4},"end":{"line":57,"column":74}},"type":"if","locations":[{"start":{"line":56,"column":4},"end":{"line":57,"column":74}},{"start":{},"end":{}}],"line":56},"11":{"loc":{"start":{"line":56,"column":8},"end":{"line":56,"column":54}},"type":"binary-expr","locations":[{"start":{"line":56,"column":8},"end":{"line":56,"column":27}},{"start":{"line":56,"column":31},"end":{"line":56,"column":54}}],"line":56},"12":{"loc":{"start":{"line":59,"column":4},"end":{"line":60,"column":119}},"type":"if","locations":[{"start":{"line":59,"column":4},"end":{"line":60,"column":119}},{"start":{},"end":{}}],"line":59},"13":{"loc":{"start":{"line":59,"column":8},"end":{"line":59,"column":60}},"type":"binary-expr","locations":[{"start":{"line":59,"column":8},"end":{"line":59,"column":30}},{"start":{"line":59,"column":34},"end":{"line":59,"column":60}}],"line":59},"14":{"loc":{"start":{"line":62,"column":4},"end":{"line":63,"column":96}},"type":"if","locations":[{"start":{"line":62,"column":4},"end":{"line":63,"column":96}},{"start":{},"end":{}}],"line":62},"15":{"loc":{"start":{"line":62,"column":8},"end":{"line":62,"column":85}},"type":"binary-expr","locations":[{"start":{"line":62,"column":8},"end":{"line":62,"column":30}},{"start":{"line":62,"column":35},"end":{"line":62,"column":50}},{"start":{"line":62,"column":54},"end":{"line":62,"column":66}},{"start":{"line":62,"column":70},"end":{"line":62,"column":84}}],"line":62},"16":{"loc":{"start":{"line":65,"column":4},"end":{"line":66,"column":98}},"type":"if","locations":[{"start":{"line":65,"column":4},"end":{"line":66,"column":98}},{"start":{},"end":{}}],"line":65},"17":{"loc":{"start":{"line":65,"column":8},"end":{"line":65,"column":85}},"type":"binary-expr","locations":[{"start":{"line":65,"column":8},"end":{"line":65,"column":27}},{"start":{"line":65,"column":31},"end":{"line":65,"column":85}}],"line":65},"18":{"loc":{"start":{"line":65,"column":52},"end":{"line":65,"column":84}},"type":"binary-expr","locations":[{"start":{"line":65,"column":52},"end":{"line":65,"column":69}},{"start":{"line":65,"column":73},"end":{"line":65,"column":84}}],"line":65},"19":{"loc":{"start":{"line":68,"column":44},"end":{"line":68,"column":65}},"type":"binary-expr","locations":[{"start":{"line":68,"column":44},"end":{"line":68,"column":48}},{"start":{"line":68,"column":52},"end":{"line":68,"column":65}}],"line":68},"20":{"loc":{"start":{"line":68,"column":74},"end":{"line":68,"column":97}},"type":"binary-expr","locations":[{"start":{"line":68,"column":74},"end":{"line":68,"column":79}},{"start":{"line":68,"column":83},"end":{"line":68,"column":97}}],"line":68},"21":{"loc":{"start":{"line":68,"column":109},"end":{"line":68,"column":138}},"type":"binary-expr","locations":[{"start":{"line":68,"column":109},"end":{"line":68,"column":117}},{"start":{"line":68,"column":121},"end":{"line":68,"column":138}}],"line":68},"22":{"loc":{"start":{"line":68,"column":150},"end":{"line":68,"column":179}},"type":"binary-expr","locations":[{"start":{"line":68,"column":150},"end":{"line":68,"column":158}},{"start":{"line":68,"column":162},"end":{"line":68,"column":179}}],"line":68},"23":{"loc":{"start":{"line":69,"column":22},"end":{"line":69,"column":59}},"type":"binary-expr","locations":[{"start":{"line":69,"column":22},"end":{"line":69,"column":34}},{"start":{"line":69,"column":38},"end":{"line":69,"column":59}}],"line":69},"24":{"loc":{"start":{"line":80,"column":4},"end":{"line":81,"column":75}},"type":"if","locations":[{"start":{"line":80,"column":4},"end":{"line":81,"column":75}},{"start":{},"end":{}}],"line":80}},"s":{"0":3,"1":3,"2":3,"3":15,"4":15,"5":4,"6":11,"7":1,"8":10,"9":2,"10":8,"11":1,"12":7,"13":5,"14":1,"15":6,"16":6,"17":6,"18":3,"19":3,"20":3,"21":1,"22":3,"23":2,"24":1,"25":8,"26":8,"27":8,"28":13,"29":8,"30":1,"31":7,"32":7,"33":1,"34":6,"35":1,"36":5,"37":1,"38":4,"39":3,"40":1,"41":3,"42":3,"43":5,"44":5,"45":7,"46":5,"47":1,"48":4,"49":4,"50":3},"f":{"0":15,"1":5,"2":3,"3":3,"4":1,"5":8,"6":13,"7":3,"8":5,"9":7},"b":{"0":[4,11],"1":[15,14,13,12],"2":[1,10],"3":[2,8],"4":[1,7],"5":[8,8,8],"6":[1,6],"7":[6,3],"8":[2,1],"9":[1,7],"10":[1,6],"11":[7,2],"12":[1,5],"13":[6,1],"14":[1,4],"15":[5,1,1,1],"16":[1,3],"17":[4,1],"18":[3,1],"19":[3,1],"20":[3,3],"21":[3,3],"22":[3,3],"23":[3,1],"24":[1,4]},"_coverageSchema":"1a1c01bbd47fc00a2c39e90264f33305004495a9","hash":"0adf09f3533e61746e54ef12f1677ad145c11732"}
,"D:\\Semestre VII\\Pruebas de Software\\Parcial I\\Proyecto.PruebasU1\\Backend\\src\\routes\\auto.routes.js": {"path":"D:\\Semestre VII\\Pruebas de Software\\Parcial I\\Proyecto.PruebasU1\\Backend\\src\\routes\\auto.routes.js","statementMap":{"0":{"start":{"line":1,"column":16},"end":{"line":1,"column":34}},"1":{"start":{"line":2,"column":72},"end":{"line":2,"column":113}},"2":{"start":{"line":4,"column":15},"end":{"line":4,"column":31}},"3":{"start":{"line":7,"column":0},"end":{"line":7,"column":32}},"4":{"start":{"line":10,"column":0},"end":{"line":10,"column":32}},"5":{"start":{"line":13,"column":0},"end":{"line":13,"column":34}},"6":{"start":{"line":16,"column":0},"end":{"line":16,"column":37}},"7":{"start":{"line":18,"column":0},"end":{"line":18,"column":24}}},"fnMap":{},"branchMap":{},"s":{"0":3,"1":3,"2":3,"3":3,"4":3,"5":3,"6":3,"7":3},"f":{},"b":{},"_coverageSchema":"1a1c01bbd47fc00a2c39e90264f33305004495a9","hash":"142d56f29b84fc24b5b72e1a8f06ba012bc59636"}
,"D:\\Semestre VII\\Pruebas de Software\\Parcial I\\Proyecto.PruebasU1\\Backend\\src\\routes\\cliente.routes.js": {"path":"D:\\Semestre VII\\Pruebas de Software\\Parcial I\\Proyecto.PruebasU1\\Backend\\src\\routes\\cliente.routes.js","statementMap":{"0":{"start":{"line":1,"column":16},"end":{"line":1,"column":34}},"1":{"start":{"line":2,"column":72},"end":{"line":2,"column":116}},"2":{"start":{"line":4,"column":15},"end":{"line":4,"column":31}},"3":{"start":{"line":7,"column":0},"end":{"line":7,"column":32}},"4":{"start":{"line":10,"column":0},"end":{"line":10,"column":32}},"5":{"start":{"line":13,"column":0},"end":{"line":13,"column":34}},"6":{"start":{"line":16,"column":0},"end":{"line":16,"column":37}},"7":{"start":{"line":18,"column":0},"end":{"line":18,"column":24}}},"fnMap":{},"branchMap":{},"s":{"0":3,"1":3,"2":3,"3":3,"4":3,"5":3,"6":3,"7":3},"f":{},"b":{},"_coverageSchema":"1a1c01bbd47fc00a2c39e90264f33305004495a9","hash":"b40f6e87e41d460b6cce85d43f443e1aa61a4cb2"}
,"D:\\Semestre VII\\Pruebas de Software\\Parcial I\\Proyecto.PruebasU1\\Backend\\src\\routes\\vendor.route.js": {"path":"D:\\Semestre VII\\Pruebas de Software\\Parcial I\\Proyecto.PruebasU1\\Backend\\src\\routes\\vendor.route.js","statementMap":{"0":{"start":{"line":1,"column":16},"end":{"line":1,"column":34}},"1":{"start":{"line":2,"column":25},"end":{"line":2,"column":68}},"2":{"start":{"line":4,"column":15},"end":{"line":4,"column":31}},"3":{"start":{"line":6,"column":0},"end":{"line":6,"column":48}},"4":{"start":{"line":7,"column":0},"end":{"line":7,"column":48}},"5":{"start":{"line":8,"column":0},"end":{"line":8,"column":51}},"6":{"start":{"line":9,"column":0},"end":{"line":9,"column":50}},"7":{"start":{"line":10,"column":0},"end":{"line":10,"column":53}},"8":{"start":{"line":12,"column":0},"end":{"line":12,"column":24}}},"fnMap":{},"branchMap":{},"s":{"0":3,"1":3,"2":3,"3":3,"4":3,"5":3,"6":3,"7":3,"8":3},"f":{},"b":{},"_coverageSchema":"1a1c01bbd47fc00a2c39e90264f33305004495a9","hash":"40fb0b6d56701b9f7694f9ef77b288104651f163"}
}
