TN:
SF:src\app.js
FN:10,(anonymous_0)
FN:22,(anonymous_1)
FN:37,(anonymous_2)
FN:45,(anonymous_3)
FNF:4
FNH:3
FNDA:94,(anonymous_0)
FNDA:1,(anonymous_1)
FNDA:1,(anonymous_2)
FNDA:0,(anonymous_3)
DA:1,5
DA:2,5
DA:3,5
DA:4,5
DA:5,5
DA:7,5
DA:10,5
DA:11,94
DA:12,94
DA:13,94
DA:15,94
DA:16,93
DA:19,5
DA:22,5
DA:23,1
DA:27,5
DA:28,5
DA:29,5
DA:30,5
DA:31,5
DA:32,5
DA:33,5
DA:34,5
DA:37,5
DA:38,1
DA:43,5
DA:44,0
DA:45,0
DA:46,0
DA:51,5
LF:30
LH:27
BRDA:15,0,0,1
BRDA:15,0,1,93
BRDA:43,1,0,0
BRDA:43,1,1,5
BRDA:44,2,0,0
BRDA:44,2,1,0
BRF:6
BRH:3
end_of_record
TN:
SF:src\controllers\auto.controller.js
FN:12,getAllAutos
FN:17,addNewAuto
FN:43,updateAuto
FN:48,(anonymous_3)
FN:61,deleteAuto
FN:65,(anonymous_5)
FN:75,_clearAutos
FNF:7
FNH:6
FNDA:5,getAllAutos
FNDA:5,addNewAuto
FNDA:2,updateAuto
FNDA:5,(anonymous_3)
FNDA:1,deleteAuto
FNDA:4,(anonymous_5)
FNDA:0,_clearAutos
DA:9,5
DA:13,5
DA:18,5
DA:21,5
DA:22,1
DA:26,4
DA:36,4
DA:39,4
DA:44,2
DA:45,2
DA:48,5
DA:49,2
DA:51,2
DA:52,2
DA:53,2
DA:54,2
DA:55,2
DA:57,2
DA:62,1
DA:65,4
DA:66,1
DA:69,1
DA:71,1
DA:76,0
DA:79,5
LF:25
LH:24
BRDA:21,0,0,1
BRDA:21,0,1,4
BRDA:21,1,0,5
BRDA:21,1,1,5
BRDA:21,1,2,4
BRDA:21,1,3,4
BRDA:21,1,4,4
BRDA:49,2,0,0
BRDA:49,2,1,2
BRDA:51,3,0,1
BRDA:51,3,1,1
BRDA:52,4,0,1
BRDA:52,4,1,1
BRDA:53,5,0,1
BRDA:53,5,1,1
BRDA:54,6,0,2
BRDA:54,6,1,0
BRDA:55,7,0,1
BRDA:55,7,1,1
BRDA:66,8,0,0
BRDA:66,8,1,1
BRF:21
BRH:18
end_of_record
TN:
SF:src\controllers\cliente.controller.js
FN:3,getAllClientes
FN:7,validateClienteData
FN:27,addNewCliente
FN:47,updateCliente
FN:50,(anonymous_4)
FN:60,deleteCliente
FN:62,(anonymous_6)
FNF:7
FNH:7
FNDA:2,getAllClientes
FNDA:10,validateClienteData
FNDA:10,addNewCliente
FNDA:6,updateCliente
FNDA:22,(anonymous_4)
FNDA:2,deleteCliente
FNDA:5,(anonymous_6)
DA:1,5
DA:4,2
DA:8,10
DA:10,10
DA:11,1
DA:14,9
DA:16,1
DA:19,8
DA:20,8
DA:21,1
DA:24,7
DA:28,10
DA:30,10
DA:31,10
DA:32,3
DA:35,7
DA:43,7
DA:44,7
DA:48,6
DA:49,6
DA:50,22
DA:51,6
DA:52,5
DA:53,5
DA:54,5
DA:55,5
DA:56,5
DA:57,5
DA:61,2
DA:62,5
DA:63,2
DA:64,1
DA:65,1
DA:68,5
LF:34
LH:34
BRDA:10,0,0,1
BRDA:10,0,1,9
BRDA:10,1,0,10
BRDA:10,1,1,10
BRDA:10,1,2,9
BRDA:10,1,3,9
BRDA:10,1,4,9
BRDA:14,2,0,1
BRDA:14,2,1,8
BRDA:14,3,0,9
BRDA:14,3,1,8
BRDA:14,3,2,8
BRDA:14,3,3,8
BRDA:14,3,4,8
BRDA:20,4,0,1
BRDA:20,4,1,7
BRDA:31,5,0,3
BRDA:31,5,1,7
BRDA:51,6,0,1
BRDA:51,6,1,5
BRDA:52,7,0,1
BRDA:52,7,1,4
BRDA:53,8,0,2
BRDA:53,8,1,3
BRDA:54,9,0,1
BRDA:54,9,1,4
BRDA:55,10,0,1
BRDA:55,10,1,4
BRDA:56,11,0,2
BRDA:56,11,1,3
BRDA:63,12,0,1
BRDA:63,12,1,1
BRF:32
BRH:32
end_of_record
TN:
SF:src\controllers\concesionaria.controller.js
FN:14,getAllConcesionarias
FN:18,validateConcesionariaData
FN:34,addNewConcesionaria
FN:56,updateConcesionaria
FN:60,(anonymous_4)
FN:73,deleteConcesionaria
FN:76,(anonymous_6)
FNF:7
FNH:7
FNDA:2,getAllConcesionarias
FNDA:9,validateConcesionariaData
FNDA:9,addNewConcesionaria
FNDA:6,updateConcesionaria
FNDA:22,(anonymous_4)
FNDA:2,deleteConcesionaria
FNDA:5,(anonymous_6)
DA:11,5
DA:15,2
DA:19,9
DA:21,9
DA:22,1
DA:25,8
DA:27,1
DA:30,7
DA:35,9
DA:37,9
DA:38,9
DA:39,2
DA:42,7
DA:51,7
DA:52,7
DA:57,6
DA:58,6
DA:60,22
DA:61,6
DA:63,5
DA:64,5
DA:65,5
DA:66,5
DA:67,5
DA:69,5
DA:74,2
DA:76,5
DA:77,2
DA:79,1
DA:81,1
DA:84,5
LF:31
LH:31
BRDA:21,0,0,1
BRDA:21,0,1,8
BRDA:21,1,0,9
BRDA:21,1,1,9
BRDA:21,1,2,8
BRDA:21,1,3,8
BRDA:21,1,4,8
BRDA:25,2,0,1
BRDA:25,2,1,7
BRDA:25,3,0,8
BRDA:25,3,1,7
BRDA:25,3,2,7
BRDA:25,3,3,7
BRDA:25,3,4,7
BRDA:38,4,0,2
BRDA:38,4,1,7
BRDA:61,5,0,1
BRDA:61,5,1,5
BRDA:63,6,0,1
BRDA:63,6,1,4
BRDA:64,7,0,1
BRDA:64,7,1,4
BRDA:65,8,0,2
BRDA:65,8,1,3
BRDA:66,9,0,2
BRDA:66,9,1,3
BRDA:67,10,0,1
BRDA:67,10,1,4
BRDA:77,11,0,1
BRDA:77,11,1,1
BRF:30
BRH:30
end_of_record
TN:
SF:src\controllers\vendor.controller.js
FN:7,createVendor
FN:22,(anonymous_1)
FN:25,(anonymous_2)
FN:35,getAllVendors
FN:40,getVendorById
FN:42,(anonymous_5)
FN:51,updateVendor
FN:54,(anonymous_7)
FN:68,(anonymous_8)
FN:71,(anonymous_9)
FN:81,deleteVendor
FN:83,(anonymous_11)
FNF:12
FNH:12
FNDA:19,createVendor
FNDA:17,(anonymous_1)
FNDA:16,(anonymous_2)
FNDA:3,getAllVendors
FNDA:3,getVendorById
FNDA:1,(anonymous_5)
FNDA:9,updateVendor
FNDA:18,(anonymous_7)
FNDA:3,(anonymous_8)
FNDA:6,(anonymous_9)
FNDA:5,deleteVendor
FNDA:7,(anonymous_11)
DA:1,5
DA:3,5
DA:4,5
DA:8,19
DA:10,19
DA:11,4
DA:13,15
DA:14,1
DA:16,14
DA:17,2
DA:19,12
DA:20,1
DA:22,17
DA:23,1
DA:25,16
DA:26,1
DA:28,9
DA:30,9
DA:31,9
DA:36,3
DA:41,3
DA:42,3
DA:44,3
DA:45,2
DA:47,1
DA:52,9
DA:53,9
DA:54,18
DA:55,9
DA:57,8
DA:59,8
DA:60,1
DA:62,7
DA:63,1
DA:65,6
DA:66,1
DA:68,5
DA:69,1
DA:71,6
DA:72,1
DA:74,3
DA:77,3
DA:82,5
DA:83,7
DA:85,5
DA:86,1
DA:88,4
DA:89,4
DA:92,5
LF:49
LH:49
BRDA:10,0,0,4
BRDA:10,0,1,15
BRDA:10,1,0,19
BRDA:10,1,1,18
BRDA:10,1,2,17
BRDA:10,1,3,16
BRDA:10,1,4,15
BRDA:13,2,0,1
BRDA:13,2,1,14
BRDA:16,3,0,2
BRDA:16,3,1,12
BRDA:19,4,0,1
BRDA:19,4,1,11
BRDA:19,5,0,12
BRDA:19,5,1,12
BRDA:19,5,2,12
BRDA:22,6,0,1
BRDA:22,6,1,10
BRDA:25,7,0,1
BRDA:25,7,1,9
BRDA:44,8,0,2
BRDA:44,8,1,1
BRDA:55,9,0,1
BRDA:55,9,1,8
BRDA:59,10,0,1
BRDA:59,10,1,7
BRDA:59,11,0,8
BRDA:59,11,1,2
BRDA:62,12,0,1
BRDA:62,12,1,6
BRDA:62,13,0,7
BRDA:62,13,1,1
BRDA:65,14,0,1
BRDA:65,14,1,5
BRDA:65,15,0,6
BRDA:65,15,1,1
BRDA:65,15,2,1
BRDA:65,15,3,1
BRDA:68,16,0,1
BRDA:68,16,1,4
BRDA:68,17,0,5
BRDA:68,17,1,1
BRDA:68,18,0,3
BRDA:68,18,1,1
BRDA:71,19,0,1
BRDA:71,19,1,3
BRDA:71,20,0,4
BRDA:71,20,1,3
BRDA:71,21,0,6
BRDA:71,21,1,1
BRDA:74,22,0,3
BRDA:74,22,1,1
BRDA:74,23,0,3
BRDA:74,23,1,3
BRDA:74,24,0,3
BRDA:74,24,1,3
BRDA:74,25,0,3
BRDA:74,25,1,3
BRDA:75,26,0,3
BRDA:75,26,1,1
BRDA:85,27,0,1
BRDA:85,27,1,4
BRF:62
BRH:62
end_of_record
TN:
SF:src\routes\auto.routes.js
FNF:0
FNH:0
DA:1,5
DA:2,5
DA:4,5
DA:7,5
DA:10,5
DA:13,5
DA:16,5
DA:18,5
LF:8
LH:8
BRF:0
BRH:0
end_of_record
TN:
SF:src\routes\cliente.routes.js
FNF:0
FNH:0
DA:1,5
DA:2,5
DA:4,5
DA:7,5
DA:10,5
DA:13,5
DA:16,5
DA:18,5
LF:8
LH:8
BRF:0
BRH:0
end_of_record
TN:
SF:src\routes\concesionaria.routes.js
FNF:0
FNH:0
DA:1,5
DA:7,5
DA:9,5
DA:12,5
DA:15,5
DA:18,5
DA:21,5
DA:23,5
LF:8
LH:8
BRF:0
BRH:0
end_of_record
TN:
SF:src\routes\vendor.route.js
FNF:0
FNH:0
DA:1,5
DA:2,5
DA:4,5
DA:6,5
DA:7,5
DA:8,5
DA:9,5
DA:10,5
DA:12,5
LF:9
LH:9
BRF:0
BRH:0
end_of_record
