TN:
SF:src\app.js
FN:10,(anonymous_0)
FN:30,(anonymous_1)
FN:37,(anonymous_2)
FNF:3
FNH:1
FNDA:61,(anonymous_0)
FNDA:0,(anonymous_1)
FNDA:0,(anonymous_2)
DA:1,3
DA:3,3
DA:4,3
DA:5,3
DA:7,3
DA:10,3
DA:11,61
DA:12,61
DA:13,61
DA:15,61
DA:16,61
DA:19,3
DA:22,3
DA:23,3
DA:24,3
DA:25,3
DA:26,3
DA:27,3
DA:30,3
DA:31,0
DA:35,3
DA:36,0
DA:37,0
DA:38,0
DA:42,3
LF:25
LH:21
BRDA:15,0,0,0
BRDA:15,0,1,61
BRDA:35,1,0,0
BRDA:35,1,1,3
BRDA:36,2,0,0
BRDA:36,2,1,0
BRF:6
BRH:2
end_of_record
TN:
SF:src\controllers\auto.controller.js
FN:15,getAllPatients
FN:20,addnewPatient
FN:46,updatePatient
FN:50,(anonymous_3)
FN:63,deletePatient
FN:66,(anonymous_5)
FNF:6
FNH:6
FNDA:1,getAllPatients
FNDA:4,addnewPatient
FNDA:1,updatePatient
FNDA:2,(anonymous_3)
FNDA:1,deletePatient
FNDA:3,(anonymous_5)
DA:12,3
DA:16,1
DA:21,4
DA:24,4
DA:25,1
DA:29,3
DA:39,3
DA:42,3
DA:47,1
DA:48,1
DA:50,2
DA:51,1
DA:53,1
DA:54,1
DA:55,1
DA:56,1
DA:57,1
DA:59,1
DA:64,1
DA:66,3
DA:67,1
DA:69,0
DA:71,0
DA:74,3
LF:24
LH:22
BRDA:24,0,0,1
BRDA:24,0,1,3
BRDA:24,1,0,4
BRDA:24,1,1,4
BRDA:24,1,2,3
BRDA:24,1,3,3
BRDA:24,1,4,3
BRDA:51,2,0,0
BRDA:51,2,1,1
BRDA:53,3,0,0
BRDA:53,3,1,1
BRDA:54,4,0,0
BRDA:54,4,1,1
BRDA:55,5,0,0
BRDA:55,5,1,1
BRDA:56,6,0,1
BRDA:56,6,1,0
BRDA:57,7,0,0
BRDA:57,7,1,1
BRDA:67,8,0,1
BRDA:67,8,1,0
BRF:21
BRH:14
end_of_record
TN:
SF:src\controllers\cliente.controller.js
FN:3,getAllClientes
FN:7,addNewCliente
FN:39,updateCliente
FN:42,(anonymous_3)
FN:52,deleteCliente
FN:54,(anonymous_5)
FNF:6
FNH:6
FNDA:2,getAllClientes
FNDA:10,addNewCliente
FNDA:6,updateCliente
FNDA:22,(anonymous_3)
FNDA:2,deleteCliente
FNDA:5,(anonymous_5)
DA:1,3
DA:4,2
DA:8,10
DA:11,10
DA:12,1
DA:16,9
DA:18,1
DA:22,8
DA:23,8
DA:24,1
DA:27,7
DA:35,7
DA:36,7
DA:40,6
DA:41,6
DA:42,22
DA:43,6
DA:44,5
DA:45,5
DA:46,5
DA:47,5
DA:48,5
DA:49,5
DA:53,2
DA:54,5
DA:55,2
DA:56,1
DA:57,1
DA:60,3
LF:29
LH:29
BRDA:11,0,0,1
BRDA:11,0,1,9
BRDA:11,1,0,10
BRDA:11,1,1,10
BRDA:11,1,2,9
BRDA:11,1,3,9
BRDA:11,1,4,9
BRDA:16,2,0,1
BRDA:16,2,1,8
BRDA:16,3,0,9
BRDA:16,3,1,8
BRDA:16,3,2,8
BRDA:16,3,3,8
BRDA:16,3,4,8
BRDA:23,4,0,1
BRDA:23,4,1,7
BRDA:43,5,0,1
BRDA:43,5,1,5
BRDA:44,6,0,1
BRDA:44,6,1,4
BRDA:45,7,0,2
BRDA:45,7,1,3
BRDA:46,8,0,1
BRDA:46,8,1,4
BRDA:47,9,0,1
BRDA:47,9,1,4
BRDA:48,10,0,2
BRDA:48,10,1,3
BRDA:55,11,0,1
BRDA:55,11,1,1
BRF:30
BRH:30
end_of_record
TN:
SF:src\controllers\vendor.controller.js
FN:7,createVendor
FN:21,(anonymous_1)
FN:30,getAllVendors
FN:35,getVendorById
FN:37,(anonymous_4)
FN:46,updateVendor
FN:50,(anonymous_6)
FN:65,(anonymous_7)
FN:76,deleteVendor
FN:78,(anonymous_9)
FNF:10
FNH:10
FNDA:15,createVendor
FNDA:5,(anonymous_1)
FNDA:3,getAllVendors
FNDA:3,getVendorById
FNDA:1,(anonymous_4)
FNDA:8,updateVendor
FNDA:13,(anonymous_6)
FNDA:3,(anonymous_7)
FNDA:5,deleteVendor
FNDA:7,(anonymous_9)
DA:1,3
DA:3,3
DA:4,3
DA:8,15
DA:9,15
DA:10,4
DA:12,11
DA:13,1
DA:15,10
DA:16,2
DA:18,8
DA:19,1
DA:21,7
DA:22,1
DA:24,6
DA:25,6
DA:26,6
DA:31,3
DA:36,3
DA:37,3
DA:39,3
DA:40,2
DA:42,1
DA:47,8
DA:48,8
DA:50,13
DA:51,8
DA:52,1
DA:54,7
DA:56,7
DA:57,1
DA:59,6
DA:60,1
DA:62,5
DA:63,1
DA:65,4
DA:66,1
DA:68,3
DA:72,3
DA:77,5
DA:78,7
DA:80,5
DA:81,1
DA:84,4
DA:85,4
DA:88,3
LF:46
LH:46
BRDA:9,0,0,4
BRDA:9,0,1,11
BRDA:9,1,0,15
BRDA:9,1,1,14
BRDA:9,1,2,13
BRDA:9,1,3,12
BRDA:12,2,0,1
BRDA:12,2,1,10
BRDA:15,3,0,2
BRDA:15,3,1,8
BRDA:18,4,0,1
BRDA:18,4,1,7
BRDA:18,5,0,8
BRDA:18,5,1,8
BRDA:18,5,2,8
BRDA:21,6,0,1
BRDA:21,6,1,6
BRDA:24,7,0,6
BRDA:24,7,1,3
BRDA:39,8,0,2
BRDA:39,8,1,1
BRDA:51,9,0,1
BRDA:51,9,1,7
BRDA:56,10,0,1
BRDA:56,10,1,6
BRDA:56,11,0,7
BRDA:56,11,1,2
BRDA:59,12,0,1
BRDA:59,12,1,5
BRDA:59,13,0,6
BRDA:59,13,1,1
BRDA:62,14,0,1
BRDA:62,14,1,4
BRDA:62,15,0,5
BRDA:62,15,1,1
BRDA:62,15,2,1
BRDA:62,15,3,1
BRDA:65,16,0,1
BRDA:65,16,1,3
BRDA:65,17,0,4
BRDA:65,17,1,1
BRDA:65,18,0,3
BRDA:65,18,1,1
BRDA:68,19,0,3
BRDA:68,19,1,1
BRDA:68,20,0,3
BRDA:68,20,1,3
BRDA:68,21,0,3
BRDA:68,21,1,3
BRDA:68,22,0,3
BRDA:68,22,1,3
BRDA:69,23,0,3
BRDA:69,23,1,1
BRDA:80,24,0,1
BRDA:80,24,1,4
BRF:55
BRH:55
end_of_record
TN:
SF:src\routes\auto.routes.js
FNF:0
FNH:0
DA:1,3
DA:2,3
DA:4,3
DA:7,3
DA:10,3
DA:13,3
DA:16,3
DA:18,3
LF:8
LH:8
BRF:0
BRH:0
end_of_record
TN:
SF:src\routes\cliente.routes.js
FNF:0
FNH:0
DA:1,3
DA:2,3
DA:4,3
DA:7,3
DA:10,3
DA:13,3
DA:16,3
DA:18,3
LF:8
LH:8
BRF:0
BRH:0
end_of_record
TN:
SF:src\routes\vendor.route.js
FNF:0
FNH:0
DA:1,3
DA:2,3
DA:4,3
DA:6,3
DA:7,3
DA:8,3
DA:9,3
DA:10,3
DA:12,3
LF:9
LH:9
BRF:0
BRH:0
end_of_record
